kotlin version: 2.1.10
error message: java.lang.StackOverflowError
	at java.base/java.lang.reflect.InvocationTargetException.<init>(Unknown Source)
	at java.base/jdk.internal.reflect.DirectConstructorHandleAccessor.newInstance(Unknown Source)
	at java.base/java.lang.reflect.Constructor.newInstanceWithCaller(Unknown Source)
	at java.base/java.lang.reflect.Constructor.newInstance(Unknown Source)
	at org.jetbrains.kotlin.KtNodeType.createPsi(KtNodeType.java:48)
	at org.jetbrains.kotlin.parsing.KotlinCommonParserDefinition.createElement(KotlinParserDefinition.kt:74)
	at org.jetbrains.kotlin.com.intellij.psi.impl.source.tree.CompositeElement.createPsiNoLock(CompositeElement.java:711)
	at org.jetbrains.kotlin.com.intellij.psi.impl.source.tree.CompositeElement.getPsi(CompositeElement.java:698)
	at org.jetbrains.kotlin.com.intellij.psi.impl.source.SourceTreeToPsiMap.treeElementToPsi(SourceTreeToPsiMap.java:15)
	at org.jetbrains.kotlin.com.intellij.psi.impl.source.tree.SharedImplUtil.getFirstChild(SharedImplUtil.java:37)
	at org.jetbrains.kotlin.com.intellij.extapi.psi.ASTDelegatePsiElement.getFirstChild(ASTDelegatePsiElement.java:87)
	at org.jetbrains.kotlin.com.intellij.psi.impl.PsiElementBase.acceptChildren(PsiElementBase.java:57)
	at org.jetbrains.kotlin.psi.KtTreeVisitorVoid.visitElement(KtTreeVisitorVoid.java:25)
	at org.jetbrains.kotlin.psi.KtVisitor.visitKtElement(KtVisitor.java:24)
	at org.jetbrains.kotlin.psi.KtVisitorVoid.visitKtElement(KtVisitorVoid.java:25)
	at org.jetbrains.kotlin.psi.KtVisitorVoid.visitKtElement(KtVisitorVoid.java:455)
	at org.jetbrains.kotlin.psi.KtVisitorVoid.visitKtElement(KtVisitorVoid.java:21)
	at org.jetbrains.kotlin.psi.KtVisitor.visitExpression(KtVisitor.java:196)
	at org.jetbrains.kotlin.psi.KtVisitorVoid.visitExpression(KtVisitorVoid.java:173)
	at org.jetbrains.kotlin.psi.KtVisitorVoid.visitExpression(KtVisitorVoid.java:667)
	at org.jetbrains.kotlin.psi.KtVisitorVoid.visitExpression(KtVisitorVoid.java:21)
	at org.jetbrains.kotlin.psi.KtVisitor.visitBinaryExpression(KtVisitor.java:232)
	at org.jetbrains.kotlin.psi.KtVisitorVoid.visitBinaryExpression(KtVisitorVoid.java:209)
	at org.jetbrains.kotlin.psi.KtVisitorVoid.visitBinaryExpression(KtVisitorVoid.java:721)
	at org.jetbrains.kotlin.psi.KtVisitorVoid.visitBinaryExpression(KtVisitorVoid.java:21)
	at org.jetbrains.kotlin.psi.KtBinaryExpression.accept(KtBinaryExpression.java:35)
	at org.jetbrains.kotlin.psi.KtElementImpl.accept(KtElementImpl.java:51)
	at org.jetbrains.kotlin.com.intellij.psi.impl.PsiElementBase.acceptChildren(PsiElementBase.java:59)
	at org.jetbrains.kotlin.psi.KtTreeVisitorVoid.visitElement(KtTreeVisitorVoid.java:25)
	at org.jetbrains.kotlin.psi.KtVisitor.visitKtElement(KtVisitor.java:24)
	at org.jetbrains.kotlin.psi.KtVisitorVoid.visitKtElement(KtVisitorVoid.java:25)
	at org.jetbrains.kotlin.psi.KtVisitorVoid.visitKtElement(KtVisitorVoid.java:455)
	at org.jetbrains.kotlin.psi.KtVisitorVoid.visitKtElement(KtVisitorVoid.java:21)
	at org.jetbrains.kotlin.psi.KtVisitor.visitExpression(KtVisitor.java:196)
	at org.jetbrains.kotlin.psi.KtVisitorVoid.visitExpression(KtVisitorVoid.java:173)
	at org.jetbrains.kotlin.psi.KtVisitorVoid.visitExpression(KtVisitorVoid.java:667)
	at org.jetbrains.kotlin.psi.KtVisitorVoid.visitExpression(KtVisitorVoid.java:21)
	at org.jetbrains.kotlin.psi.KtVisitor.visitBinaryExpression(KtVisitor.java:232)
	at org.jetbrains.kotlin.psi.KtVisitorVoid.visitBinaryExpression(KtVisitorVoid.java:209)
	at org.jetbrains.kotlin.psi.KtVisitorVoid.visitBinaryExpression(KtVisitorVoid.java:721)
	at org.jetbrains.kotlin.psi.KtVisitorVoid.visitBinaryExpression(KtVisitorVoid.java:21)
	at org.jetbrains.kotlin.psi.KtBinaryExpression.accept(KtBinaryExpression.java:35)
	at org.jetbrains.kotlin.psi.KtElementImpl.accept(KtElementImpl.java:51)
	at org.jetbrains.kotlin.com.intellij.psi.impl.PsiElementBase.acceptChildren(PsiElementBase.java:59)
	at org.jetbrains.kotlin.psi.KtTreeVisitorVoid.visitElement(KtTreeVisitorVoid.java:25)
	at org.jetbrains.kotlin.psi.KtVisitor.visitKtElement(KtVisitor.java:24)
	at org.jetbrains.kotlin.psi.KtVisitorVoid.visitKtElement(KtVisitorVoid.java:25)
	at org.jetbrains.kotlin.psi.KtVisitorVoid.visitKtElement(KtVisitorVoid.java:455)
	at org.jetbrains.kotlin.psi.KtVisitorVoid.visitKtElement(KtVisitorVoid.java:21)
	at org.jetbrains.kotlin.psi.KtVisitor.visitExpression(KtVisitor.java:196)
	at org.jetbrains.kotlin.psi.KtVisitorVoid.visitExpression(KtVisitorVoid.java:173)
	at org.jetbrains.kotlin.psi.KtVisitorVoid.visitExpression(KtVisitorVoid.java:667)
	at org.jetbrains.kotlin.psi.KtVisitorVoid.visitExpression(KtVisitorVoid.java:21)
	at org.jetbrains.kotlin.psi.KtVisitor.visitBinaryExpression(KtVisitor.java:232)
	at org.jetbrains.kotlin.psi.KtVisitorVoid.visitBinaryExpression(KtVisitorVoid.java:209)
	at org.jetbrains.kotlin.psi.KtVisitorVoid.visitBinaryExpression(KtVisitorVoid.java:721)
	at org.jetbrains.kotlin.psi.KtVisitorVoid.visitBinaryExpression(KtVisitorVoid.java:21)
	at org.jetbrains.kotlin.psi.KtBinaryExpression.accept(KtBinaryExpression.java:35)
	at org.jetbrains.kotlin.psi.KtElementImpl.accept(KtElementImpl.java:51)
	at org.jetbrains.kotlin.com.intellij.psi.impl.PsiElementBase.acceptChildren(PsiElementBase.java:59)
	at org.jetbrains.kotlin.psi.KtTreeVisitorVoid.visitElement(KtTreeVisitorVoid.java:25)
	at org.jetbrains.kotlin.psi.KtVisitor.visitKtElement(KtVisitor.java:24)
	at org.jetbrains.kotlin.psi.KtVisitorVoid.visitKtElement(KtVisitorVoid.java:25)
	at org.jetbrains.kotlin.psi.KtVisitorVoid.visitKtElement(KtVisitorVoid.java:455)
	at org.jetbrains.kotlin.psi.KtVisitorVoid.visitKtElement(KtVisitorVoid.java:21)
	at org.jetbrains.kotlin.psi.KtVisitor.visitExpression(KtVisitor.java:196)
	at org.jetbrains.kotlin.psi.KtVisitorVoid.visitExpression(KtVisitorVoid.java:173)
	at org.jetbrains.kotlin.psi.KtVisitorVoid.visitExpression(KtVisitorVoid.java:667)
	at org.jetbrains.kotlin.psi.KtVisitorVoid.visitExpression(KtVisitorVoid.java:21)
	at org.jetbrains.kotlin.psi.KtVisitor.visitBinaryExpression(KtVisitor.java:232)
	at org.jetbrains.kotlin.psi.KtVisitorVoid.visitBinaryExpression(KtVisitorVoid.java:209)
	at org.jetbrains.kotlin.psi.KtVisitorVoid.visitBinaryExpression(KtVisitorVoid.java:721)
	at org.jetbrains.kotlin.psi.KtVisitorVoid.visitBinaryExpression(KtVisitorVoid.java:21)
	at org.jetbrains.kotlin.psi.KtBinaryExpression.accept(KtBinaryExpression.java:35)
	at org.jetbrains.kotlin.psi.KtElementImpl.accept(KtElementImpl.java:51)
	at org.jetbrains.kotlin.com.intellij.psi.impl.PsiElementBase.acceptChildren(PsiElementBase.java:59)
	at org.jetbrains.kotlin.psi.KtTreeVisitorVoid.visitElement(KtTreeVisitorVoid.java:25)
	at org.jetbrains.kotlin.psi.KtVisitor.visitKtElement(KtVisitor.java:24)
	at org.jetbrains.kotlin.psi.KtVisitorVoid.visitKtElement(KtVisitorVoid.java:25)
	at org.jetbrains.kotlin.psi.KtVisitorVoid.visitKtElement(KtVisitorVoid.java:455)
	at org.jetbrains.kotlin.psi.KtVisitorVoid.visitKtElement(KtVisitorVoid.java:21)
	at org.jetbrains.kotlin.psi.KtVisitor.visitExpression(KtVisitor.java:196)
	at org.jetbrains.kotlin.psi.KtVisitorVoid.visitExpression(KtVisitorVoid.java:173)
	at org.jetbrains.kotlin.psi.KtVisitorVoid.visitExpression(KtVisitorVoid.java:667)
	at org.jetbrains.kotlin.psi.KtVisitorVoid.visitExpression(KtVisitorVoid.java:21)
	at org.jetbrains.kotlin.psi.KtVisitor.visitBinaryExpression(KtVisitor.java:232)
	at org.jetbrains.kotlin.psi.KtVisitorVoid.visitBinaryExpression(KtVisitorVoid.java:209)
	at org.jetbrains.kotlin.psi.KtVisitorVoid.visitBinaryExpression(KtVisitorVoid.java:721)
	at org.jetbrains.kotlin.psi.KtVisitorVoid.visitBinaryExpression(KtVisitorVoid.java:21)
	at org.jetbrains.kotlin.psi.KtBinaryExpression.accept(KtBinaryExpression.java:35)
	at org.jetbrains.kotlin.psi.KtElementImpl.accept(KtElementImpl.java:51)
	at org.jetbrains.kotlin.com.intellij.psi.impl.PsiElementBase.acceptChildren(PsiElementBase.java:59)
	at org.jetbrains.kotlin.psi.KtTreeVisitorVoid.visitElement(KtTreeVisitorVoid.java:25)
	at org.jetbrains.kotlin.psi.KtVisitor.visitKtElement(KtVisitor.java:24)
	at org.jetbrains.kotlin.psi.KtVisitorVoid.visitKtElement(KtVisitorVoid.java:25)
	at org.jetbrains.kotlin.psi.KtVisitorVoid.visitKtElement(KtVisitorVoid.java:455)
	at org.jetbrains.kotlin.psi.KtVisitorVoid.visitKtElement(KtVisitorVoid.java:21)
	at org.jetbrains.kotlin.psi.KtVisitor.visitExpression(KtVisitor.java:196)
	at org.jetbrains.kotlin.psi.KtVisitorVoid.visitExpression(KtVisitorVoid.java:173)
	at org.jetbrains.kotlin.psi.KtVisitorVoid.visitExpression(KtVisitorVoid.java:667)
	at org.jetbrains.kotlin.psi.KtVisitorVoid.visitExpression(KtVisitorVoid.java:21)
	at org.jetbrains.kotlin.psi.KtVisitor.visitBinaryExpression(KtVisitor.java:232)
	at org.jetbrains.kotlin.psi.KtVisitorVoid.visitBinaryExpression(KtVisitorVoid.java:209)
	at org.jetbrains.kotlin.psi.KtVisitorVoid.visitBinaryExpression(KtVisitorVoid.java:721)
	at org.jetbrains.kotlin.psi.KtVisitorVoid.visitBinaryExpression(KtVisitorVoid.java:21)
	at org.jetbrains.kotlin.psi.KtBinaryExpression.accept(KtBinaryExpression.java:35)
	at org.jetbrains.kotlin.psi.KtElementImpl.accept(KtElementImpl.java:51)
	at org.jetbrains.kotlin.com.intellij.psi.impl.PsiElementBase.acceptChildren(PsiElementBase.java:59)
	at org.jetbrains.kotlin.psi.KtTreeVisitorVoid.visitElement(KtTreeVisitorVoid.java:25)
	at org.jetbrains.kotlin.psi.KtVisitor.visitKtElement(KtVisitor.java:24)
	at org.jetbrains.kotlin.psi.KtVisitorVoid.visitKtElement(KtVisitorVoid.java:25)
	at org.jetbrains.kotlin.psi.KtVisitorVoid.visitKtElement(KtVisitorVoid.java:455)
	at org.jetbrains.kotlin.psi.KtVisitorVoid.visitKtElement(KtVisitorVoid.java:21)
	at org.jetbrains.kotlin.psi.KtVisitor.visitExpression(KtVisitor.java:196)
	at org.jetbrains.kotlin.psi.KtVisitorVoid.visitExpression(KtVisitorVoid.java:173)
	at org.jetbrains.kotlin.psi.KtVisitorVoid.visitExpression(KtVisitorVoid.java:667)
	at org.jetbrains.kotlin.psi.KtVisitorVoid.visitExpression(KtVisitorVoid.java:21)
	at org.jetbrains.kotlin.psi.KtVisitor.visitBinaryExpression(KtVisitor.java:232)
	at org.jetbrains.kotlin.psi.KtVisitorVoid.visitBinaryExpression(KtVisitorVoid.java:209)
	at org.jetbrains.kotlin.psi.KtVisitorVoid.visitBinaryExpression(KtVisitorVoid.java:721)
	at org.jetbrains.kotlin.psi.KtVisitorVoid.visitBinaryExpression(KtVisitorVoid.java:21)
	at org.jetbrains.kotlin.psi.KtBinaryExpression.accept(KtBinaryExpression.java:35)
	at org.jetbrains.kotlin.psi.KtElementImpl.accept(KtElementImpl.java:51)
	at org.jetbrains.kotlin.com.intellij.psi.impl.PsiElementBase.acceptChildren(PsiElementBase.java:59)
	at org.jetbrains.kotlin.psi.KtTreeVisitorVoid.visitElement(KtTreeVisitorVoid.java:25)
	at org.jetbrains.kotlin.psi.KtVisitor.visitKtElement(KtVisitor.java:24)
	at org.jetbrains.kotlin.psi.KtVisitorVoid.visitKtElement(KtVisitorVoid.java:25)
	at org.jetbrains.kotlin.psi.KtVisitorVoid.visitKtElement(KtVisitorVoid.java:455)
	at org.jetbrains.kotlin.psi.KtVisitorVoid.visitKtElement(KtVisitorVoid.java:21)
	at org.jetbrains.kotlin.psi.KtVisitor.visitExpression(KtVisitor.java:196)
	at org.jetbrains.kotlin.psi.KtVisitorVoid.visitExpression(KtVisitorVoid.java:173)
	at org.jetbrains.kotlin.psi.KtVisitorVoid.visitExpression(KtVisitorVoid.java:667)
	at org.jetbrains.kotlin.psi.KtVisitorVoid.visitExpression(KtVisitorVoid.java:21)
	at org.jetbrains.kotlin.psi.KtVisitor.visitBinaryExpression(KtVisitor.java:232)
	at org.jetbrains.kotlin.psi.KtVisitorVoid.visitBinaryExpression(KtVisitorVoid.java:209)
	at org.jetbrains.kotlin.psi.KtVisitorVoid.visitBinaryExpression(KtVisitorVoid.java:721)
	at org.jetbrains.kotlin.psi.KtVisitorVoid.visitBinaryExpression(KtVisitorVoid.java:21)
	at org.jetbrains.kotlin.psi.KtBinaryExpression.accept(KtBinaryExpression.java:35)
	at org.jetbrains.kotlin.psi.KtElementImpl.accept(KtElementImpl.java:51)
	at org.jetbrains.kotlin.com.intellij.psi.impl.PsiElementBase.acceptChildren(PsiElementBase.java:59)
	at org.jetbrains.kotlin.psi.KtTreeVisitorVoid.visitElement(KtTreeVisitorVoid.java:25)
	at org.jetbrains.kotlin.psi.KtVisitor.visitKtElement(KtVisitor.java:24)
	at org.jetbrains.kotlin.psi.KtVisitorVoid.visitKtElement(KtVisitorVoid.java:25)
	at org.jetbrains.kotlin.psi.KtVisitorVoid.visitKtElement(KtVisitorVoid.java:455)
	at org.jetbrains.kotlin.psi.KtVisitorVoid.visitKtElement(KtVisitorVoid.java:21)
	at org.jetbrains.kotlin.psi.KtVisitor.visitExpression(KtVisitor.java:196)
	at org.jetbrains.kotlin.psi.KtVisitorVoid.visitExpression(KtVisitorVoid.java:173)
	at org.jetbrains.kotlin.psi.KtVisitorVoid.visitExpression(KtVisitorVoid.java:667)
	at org.jetbrains.kotlin.psi.KtVisitorVoid.visitExpression(KtVisitorVoid.java:21)
	at org.jetbrains.kotlin.psi.KtVisitor.visitBinaryExpression(KtVisitor.java:232)
	at org.jetbrains.kotlin.psi.KtVisitorVoid.visitBinaryExpression(KtVisitorVoid.java:209)
	at org.jetbrains.kotlin.psi.KtVisitorVoid.visitBinaryExpression(KtVisitorVoid.java:721)
	at org.jetbrains.kotlin.psi.KtVisitorVoid.visitBinaryExpression(KtVisitorVoid.java:21)
	at org.jetbrains.kotlin.psi.KtBinaryExpression.accept(KtBinaryExpression.java:35)
	at org.jetbrains.kotlin.psi.KtElementImpl.accept(KtElementImpl.java:51)
	at org.jetbrains.kotlin.com.intellij.psi.impl.PsiElementBase.acceptChildren(PsiElementBase.java:59)
	at org.jetbrains.kotlin.psi.KtTreeVisitorVoid.visitElement(KtTreeVisitorVoid.java:25)
	at org.jetbrains.kotlin.psi.KtVisitor.visitKtElement(KtVisitor.java:24)
	at org.jetbrains.kotlin.psi.KtVisitorVoid.visitKtElement(KtVisitorVoid.java:25)
	at org.jetbrains.kotlin.psi.KtVisitorVoid.visitKtElement(KtVisitorVoid.java:455)
	at org.jetbrains.kotlin.psi.KtVisitorVoid.visitKtElement(KtVisitorVoid.java:21)
	at org.jetbrains.kotlin.psi.KtVisitor.visitExpression(KtVisitor.java:196)
	at org.jetbrains.kotlin.psi.KtVisitorVoid.visitExpression(KtVisitorVoid.java:173)
	at org.jetbrains.kotlin.psi.KtVisitorVoid.visitExpression(KtVisitorVoid.java:667)
	at org.jetbrains.kotlin.psi.KtVisitorVoid.visitExpression(KtVisitorVoid.java:21)
	at org.jetbrains.kotlin.psi.KtVisitor.visitBinaryExpression(KtVisitor.java:232)
	at org.jetbrains.kotlin.psi.KtVisitorVoid.visitBinaryExpression(KtVisitorVoid.java:209)
	at org.jetbrains.kotlin.psi.KtVisitorVoid.visitBinaryExpression(KtVisitorVoid.java:721)
	at org.jetbrains.kotlin.psi.KtVisitorVoid.visitBinaryExpression(KtVisitorVoid.java:21)
	at org.jetbrains.kotlin.psi.KtBinaryExpression.accept(KtBinaryExpression.java:35)
	at org.jetbrains.kotlin.psi.KtElementImpl.accept(KtElementImpl.java:51)
	at org.jetbrains.kotlin.com.intellij.psi.impl.PsiElementBase.acceptChildren(PsiElementBase.java:59)
	at org.jetbrains.kotlin.psi.KtTreeVisitorVoid.visitElement(KtTreeVisitorVoid.java:25)
	at org.jetbrains.kotlin.psi.KtVisitor.visitKtElement(KtVisitor.java:24)
	at org.jetbrains.kotlin.psi.KtVisitorVoid.visitKtElement(KtVisitorVoid.java:25)
	at org.jetbrains.kotlin.psi.KtVisitorVoid.visitKtElement(KtVisitorVoid.java:455)
	at org.jetbrains.kotlin.psi.KtVisitorVoid.visitKtElement(KtVisitorVoid.java:21)
	at org.jetbrains.kotlin.psi.KtVisitor.visitExpression(KtVisitor.java:196)
	at org.jetbrains.kotlin.psi.KtVisitorVoid.visitExpression(KtVisitorVoid.java:173)
	at org.jetbrains.kotlin.psi.KtVisitorVoid.visitExpression(KtVisitorVoid.java:667)
	at org.jetbrains.kotlin.psi.KtVisitorVoid.visitExpression(KtVisitorVoid.java:21)
	at org.jetbrains.kotlin.psi.KtVisitor.visitBinaryExpression(KtVisitor.java:232)
	at org.jetbrains.kotlin.psi.KtVisitorVoid.visitBinaryExpression(KtVisitorVoid.java:209)
	at org.jetbrains.kotlin.psi.KtVisitorVoid.visitBinaryExpression(KtVisitorVoid.java:721)
	at org.jetbrains.kotlin.psi.KtVisitorVoid.visitBinaryExpression(KtVisitorVoid.java:21)
	at org.jetbrains.kotlin.psi.KtBinaryExpression.accept(KtBinaryExpression.java:35)
	at org.jetbrains.kotlin.psi.KtElementImpl.accept(KtElementImpl.java:51)
	at org.jetbrains.kotlin.com.intellij.psi.impl.PsiElementBase.acceptChildren(PsiElementBase.java:59)
	at org.jetbrains.kotlin.psi.KtTreeVisitorVoid.visitElement(KtTreeVisitorVoid.java:25)
	at org.jetbrains.kotlin.psi.KtVisitor.visitKtElement(KtVisitor.java:24)
	at org.jetbrains.kotlin.psi.KtVisitorVoid.visitKtElement(KtVisitorVoid.java:25)
	at org.jetbrains.kotlin.psi.KtVisitorVoid.visitKtElement(KtVisitorVoid.java:455)
	at org.jetbrains.kotlin.psi.KtVisitorVoid.visitKtElement(KtVisitorVoid.java:21)
	at org.jetbrains.kotlin.psi.KtVisitor.visitExpression(KtVisitor.java:196)
	at org.jetbrains.kotlin.psi.KtVisitorVoid.visitExpression(KtVisitorVoid.java:173)
	at org.jetbrains.kotlin.psi.KtVisitorVoid.visitExpression(KtVisitorVoid.java:667)
	at org.jetbrains.kotlin.psi.KtVisitorVoid.visitExpression(KtVisitorVoid.java:21)
	at org.jetbrains.kotlin.psi.KtVisitor.visitBinaryExpression(KtVisitor.java:232)
	at org.jetbrains.kotlin.psi.KtVisitorVoid.visitBinaryExpression(KtVisitorVoid.java:209)
	at org.jetbrains.kotlin.psi.KtVisitorVoid.visitBinaryExpression(KtVisitorVoid.java:721)
	at org.jetbrains.kotlin.psi.KtVisitorVoid.visitBinaryExpression(KtVisitorVoid.java:21)
	at org.jetbrains.kotlin.psi.KtBinaryExpression.accept(KtBinaryExpression.java:35)
	at org.jetbrains.kotlin.psi.KtElementImpl.accept(KtElementImpl.java:51)
	at org.jetbrains.kotlin.com.intellij.psi.impl.PsiElementBase.acceptChildren(PsiElementBase.java:59)
	at org.jetbrains.kotlin.psi.KtTreeVisitorVoid.visitElement(KtTreeVisitorVoid.java:25)
	at org.jetbrains.kotlin.psi.KtVisitor.visitKtElement(KtVisitor.java:24)
	at org.jetbrains.kotlin.psi.KtVisitorVoid.visitKtElement(KtVisitorVoid.java:25)
	at org.jetbrains.kotlin.psi.KtVisitorVoid.visitKtElement(KtVisitorVoid.java:455)
	at org.jetbrains.kotlin.psi.KtVisitorVoid.visitKtElement(KtVisitorVoid.java:21)
	at org.jetbrains.kotlin.psi.KtVisitor.visitExpression(KtVisitor.java:196)
	at org.jetbrains.kotlin.psi.KtVisitorVoid.visitExpression(KtVisitorVoid.java:173)
	at org.jetbrains.kotlin.psi.KtVisitorVoid.visitExpression(KtVisitorVoid.java:667)
	at org.jetbrains.kotlin.psi.KtVisitorVoid.visitExpression(KtVisitorVoid.java:21)
	at org.jetbrains.kotlin.psi.KtVisitor.visitBinaryExpression(KtVisitor.java:232)
	at org.jetbrains.kotlin.psi.KtVisitorVoid.visitBinaryExpression(KtVisitorVoid.java:209)
	at org.jetbrains.kotlin.psi.KtVisitorVoid.visitBinaryExpression(KtVisitorVoid.java:721)
	at org.jetbrains.kotlin.psi.KtVisitorVoid.visitBinaryExpression(KtVisitorVoid.java:21)
	at org.jetbrains.kotlin.psi.KtBinaryExpression.accept(KtBinaryExpression.java:35)
	at org.jetbrains.kotlin.psi.KtElementImpl.accept(KtElementImpl.java:51)
	at org.jetbrains.kotlin.com.intellij.psi.impl.PsiElementBase.acceptChildren(PsiElementBase.java:59)
	at org.jetbrains.kotlin.psi.KtTreeVisitorVoid.visitElement(KtTreeVisitorVoid.java:25)
	at org.jetbrains.kotlin.psi.KtVisitor.visitKtElement(KtVisitor.java:24)
	at org.jetbrains.kotlin.psi.KtVisitorVoid.visitKtElement(KtVisitorVoid.java:25)
	at org.jetbrains.kotlin.psi.KtVisitorVoid.visitKtElement(KtVisitorVoid.java:455)
	at org.jetbrains.kotlin.psi.KtVisitorVoid.visitKtElement(KtVisitorVoid.java:21)
	at org.jetbrains.kotlin.psi.KtVisitor.visitExpression(KtVisitor.java:196)
	at org.jetbrains.kotlin.psi.KtVisitorVoid.visitExpression(KtVisitorVoid.java:173)
	at org.jetbrains.kotlin.psi.KtVisitorVoid.visitExpression(KtVisitorVoid.java:667)
	at org.jetbrains.kotlin.psi.KtVisitorVoid.visitExpression(KtVisitorVoid.java:21)
	at org.jetbrains.kotlin.psi.KtVisitor.visitBinaryExpression(KtVisitor.java:232)
	at org.jetbrains.kotlin.psi.KtVisitorVoid.visitBinaryExpression(KtVisitorVoid.java:209)
	at org.jetbrains.kotlin.psi.KtVisitorVoid.visitBinaryExpression(KtVisitorVoid.java:721)
	at org.jetbrains.kotlin.psi.KtVisitorVoid.visitBinaryExpression(KtVisitorVoid.java:21)
	at org.jetbrains.kotlin.psi.KtBinaryExpression.accept(KtBinaryExpression.java:35)
	at org.jetbrains.kotlin.psi.KtElementImpl.accept(KtElementImpl.java:51)
	at org.jetbrains.kotlin.com.intellij.psi.impl.PsiElementBase.acceptChildren(PsiElementBase.java:59)
	at org.jetbrains.kotlin.psi.KtTreeVisitorVoid.visitElement(KtTreeVisitorVoid.java:25)
	at org.jetbrains.kotlin.psi.KtVisitor.visitKtElement(KtVisitor.java:24)
	at org.jetbrains.kotlin.psi.KtVisitorVoid.visitKtElement(KtVisitorVoid.java:25)
	at org.jetbrains.kotlin.psi.KtVisitorVoid.visitKtElement(KtVisitorVoid.java:455)
	at org.jetbrains.kotlin.psi.KtVisitorVoid.visitKtElement(KtVisitorVoid.java:21)
	at org.jetbrains.kotlin.psi.KtVisitor.visitExpression(KtVisitor.java:196)
	at org.jetbrains.kotlin.psi.KtVisitorVoid.visitExpression(KtVisitorVoid.java:173)
	at org.jetbrains.kotlin.psi.KtVisitorVoid.visitExpression(KtVisitorVoid.java:667)
	at org.jetbrains.kotlin.psi.KtVisitorVoid.visitExpression(KtVisitorVoid.java:21)
	at org.jetbrains.kotlin.psi.KtVisitor.visitBinaryExpression(KtVisitor.java:232)
	at org.jetbrains.kotlin.psi.KtVisitorVoid.visitBinaryExpression(KtVisitorVoid.java:209)
	at org.jetbrains.kotlin.psi.KtVisitorVoid.visitBinaryExpression(KtVisitorVoid.java:721)
	at org.jetbrains.kotlin.psi.KtVisitorVoid.visitBinaryExpression(KtVisitorVoid.java:21)
	at org.jetbrains.kotlin.psi.KtBinaryExpression.accept(KtBinaryExpression.java:35)
	at org.jetbrains.kotlin.psi.KtElementImpl.accept(KtElementImpl.java:51)
	at org.jetbrains.kotlin.com.intellij.psi.impl.PsiElementBase.acceptChildren(PsiElementBase.java:59)
	at org.jetbrains.kotlin.psi.KtTreeVisitorVoid.visitElement(KtTreeVisitorVoid.java:25)
	at org.jetbrains.kotlin.psi.KtVisitor.visitKtElement(KtVisitor.java:24)
	at org.jetbrains.kotlin.psi.KtVisitorVoid.visitKtElement(KtVisitorVoid.java:25)
	at org.jetbrains.kotlin.psi.KtVisitorVoid.visitKtElement(KtVisitorVoid.java:455)
	at org.jetbrains.kotlin.psi.KtVisitorVoid.visitKtElement(KtVisitorVoid.java:21)
	at org.jetbrains.kotlin.psi.KtVisitor.visitExpression(KtVisitor.java:196)
	at org.jetbrains.kotlin.psi.KtVisitorVoid.visitExpression(KtVisitorVoid.java:173)
	at org.jetbrains.kotlin.psi.KtVisitorVoid.visitExpression(KtVisitorVoid.java:667)
	at org.jetbrains.kotlin.psi.KtVisitorVoid.visitExpression(KtVisitorVoid.java:21)
	at org.jetbrains.kotlin.psi.KtVisitor.visitBinaryExpression(KtVisitor.java:232)
	at org.jetbrains.kotlin.psi.KtVisitorVoid.visitBinaryExpression(KtVisitorVoid.java:209)
	at org.jetbrains.kotlin.psi.KtVisitorVoid.visitBinaryExpression(KtVisitorVoid.java:721)
	at org.jetbrains.kotlin.psi.KtVisitorVoid.visitBinaryExpression(KtVisitorVoid.java:21)
	at org.jetbrains.kotlin.psi.KtBinaryExpression.accept(KtBinaryExpression.java:35)
	at org.jetbrains.kotlin.psi.KtElementImpl.accept(KtElementImpl.java:51)
	at org.jetbrains.kotlin.com.intellij.psi.impl.PsiElementBase.acceptChildren(PsiElementBase.java:59)
	at org.jetbrains.kotlin.psi.KtTreeVisitorVoid.visitElement(KtTreeVisitorVoid.java:25)
	at org.jetbrains.kotlin.psi.KtVisitor.visitKtElement(KtVisitor.java:24)
	at org.jetbrains.kotlin.psi.KtVisitorVoid.visitKtElement(KtVisitorVoid.java:25)
	at org.jetbrains.kotlin.psi.KtVisitorVoid.visitKtElement(KtVisitorVoid.java:455)
	at org.jetbrains.kotlin.psi.KtVisitorVoid.visitKtElement(KtVisitorVoid.java:21)
	at org.jetbrains.kotlin.psi.KtVisitor.visitExpression(KtVisitor.java:196)
	at org.jetbrains.kotlin.psi.KtVisitorVoid.visitExpression(KtVisitorVoid.java:173)
	at org.jetbrains.kotlin.psi.KtVisitorVoid.visitExpression(KtVisitorVoid.java:667)
	at org.jetbrains.kotlin.psi.KtVisitorVoid.visitExpression(KtVisitorVoid.java:21)
	at org.jetbrains.kotlin.psi.KtVisitor.visitBinaryExpression(KtVisitor.java:232)
	at org.jetbrains.kotlin.psi.KtVisitorVoid.visitBinaryExpression(KtVisitorVoid.java:209)
	at org.jetbrains.kotlin.psi.KtVisitorVoid.visitBinaryExpression(KtVisitorVoid.java:721)
	at org.jetbrains.kotlin.psi.KtVisitorVoid.visitBinaryExpression(KtVisitorVoid.java:21)
	at org.jetbrains.kotlin.psi.KtBinaryExpression.accept(KtBinaryExpression.java:35)
	at org.jetbrains.kotlin.psi.KtElementImpl.accept(KtElementImpl.java:51)
	at org.jetbrains.kotlin.com.intellij.psi.impl.PsiElementBase.acceptChildren(PsiElementBase.java:59)
	at org.jetbrains.kotlin.psi.KtTreeVisitorVoid.visitElement(KtTreeVisitorVoid.java:25)
	at org.jetbrains.kotlin.psi.KtVisitor.visitKtElement(KtVisitor.java:24)
	at org.jetbrains.kotlin.psi.KtVisitorVoid.visitKtElement(KtVisitorVoid.java:25)
	at org.jetbrains.kotlin.psi.KtVisitorVoid.visitKtElement(KtVisitorVoid.java:455)
	at org.jetbrains.kotlin.psi.KtVisitorVoid.visitKtElement(KtVisitorVoid.java:21)
	at org.jetbrains.kotlin.psi.KtVisitor.visitExpression(KtVisitor.java:196)
	at org.jetbrains.kotlin.psi.KtVisitorVoid.visitExpression(KtVisitorVoid.java:173)
	at org.jetbrains.kotlin.psi.KtVisitorVoid.visitExpression(KtVisitorVoid.java:667)
	at org.jetbrains.kotlin.psi.KtVisitorVoid.visitExpression(KtVisitorVoid.java:21)
	at org.jetbrains.kotlin.psi.KtVisitor.visitBinaryExpression(KtVisitor.java:232)
	at org.jetbrains.kotlin.psi.KtVisitorVoid.visitBinaryExpression(KtVisitorVoid.java:209)
	at org.jetbrains.kotlin.psi.KtVisitorVoid.visitBinaryExpression(KtVisitorVoid.java:721)
	at org.jetbrains.kotlin.psi.KtVisitorVoid.visitBinaryExpression(KtVisitorVoid.java:21)
	at org.jetbrains.kotlin.psi.KtBinaryExpression.accept(KtBinaryExpression.java:35)
	at org.jetbrains.kotlin.psi.KtElementImpl.accept(KtElementImpl.java:51)
	at org.jetbrains.kotlin.com.intellij.psi.impl.PsiElementBase.acceptChildren(PsiElementBase.java:59)
	at org.jetbrains.kotlin.psi.KtTreeVisitorVoid.visitElement(KtTreeVisitorVoid.java:25)
	at org.jetbrains.kotlin.psi.KtVisitor.visitKtElement(KtVisitor.java:24)
	at org.jetbrains.kotlin.psi.KtVisitorVoid.visitKtElement(KtVisitorVoid.java:25)
	at org.jetbrains.kotlin.psi.KtVisitorVoid.visitKtElement(KtVisitorVoid.java:455)
	at org.jetbrains.kotlin.psi.KtVisitorVoid.visitKtElement(KtVisitorVoid.java:21)
	at org.jetbrains.kotlin.psi.KtVisitor.visitExpression(KtVisitor.java:196)
	at org.jetbrains.kotlin.psi.KtVisitorVoid.visitExpression(KtVisitorVoid.java:173)
	at org.jetbrains.kotlin.psi.KtVisitorVoid.visitExpression(KtVisitorVoid.java:667)
	at org.jetbrains.kotlin.psi.KtVisitorVoid.visitExpression(KtVisitorVoid.java:21)
	at org.jetbrains.kotlin.psi.KtVisitor.visitBinaryExpression(KtVisitor.java:232)
	at org.jetbrains.kotlin.psi.KtVisitorVoid.visitBinaryExpression(KtVisitorVoid.java:209)
	at org.jetbrains.kotlin.psi.KtVisitorVoid.visitBinaryExpression(KtVisitorVoid.java:721)
	at org.jetbrains.kotlin.psi.KtVisitorVoid.visitBinaryExpression(KtVisitorVoid.java:21)
	at org.jetbrains.kotlin.psi.KtBinaryExpression.accept(KtBinaryExpression.java:35)
	at org.jetbrains.kotlin.psi.KtElementImpl.accept(KtElementImpl.java:51)
	at org.jetbrains.kotlin.com.intellij.psi.impl.PsiElementBase.acceptChildren(PsiElementBase.java:59)
	at org.jetbrains.kotlin.psi.KtTreeVisitorVoid.visitElement(KtTreeVisitorVoid.java:25)
	at org.jetbrains.kotlin.psi.KtVisitor.visitKtElement(KtVisitor.java:24)
	at org.jetbrains.kotlin.psi.KtVisitorVoid.visitKtElement(KtVisitorVoid.java:25)
	at org.jetbrains.kotlin.psi.KtVisitorVoid.visitKtElement(KtVisitorVoid.java:455)
	at org.jetbrains.kotlin.psi.KtVisitorVoid.visitKtElement(KtVisitorVoid.java:21)
	at org.jetbrains.kotlin.psi.KtVisitor.visitExpression(KtVisitor.java:196)
	at org.jetbrains.kotlin.psi.KtVisitorVoid.visitExpression(KtVisitorVoid.java:173)
	at org.jetbrains.kotlin.psi.KtVisitorVoid.visitExpression(KtVisitorVoid.java:667)
	at org.jetbrains.kotlin.psi.KtVisitorVoid.visitExpression(KtVisitorVoid.java:21)
	at org.jetbrains.kotlin.psi.KtVisitor.visitBinaryExpression(KtVisitor.java:232)
	at org.jetbrains.kotlin.psi.KtVisitorVoid.visitBinaryExpression(KtVisitorVoid.java:209)
	at org.jetbrains.kotlin.psi.KtVisitorVoid.visitBinaryExpression(KtVisitorVoid.java:721)
	at org.jetbrains.kotlin.psi.KtVisitorVoid.visitBinaryExpression(KtVisitorVoid.java:21)
	at org.jetbrains.kotlin.psi.KtBinaryExpression.accept(KtBinaryExpression.java:35)
	at org.jetbrains.kotlin.psi.KtElementImpl.accept(KtElementImpl.java:51)
	at org.jetbrains.kotlin.com.intellij.psi.impl.PsiElementBase.acceptChildren(PsiElementBase.java:59)
	at org.jetbrains.kotlin.psi.KtTreeVisitorVoid.visitElement(KtTreeVisitorVoid.java:25)
	at org.jetbrains.kotlin.psi.KtVisitor.visitKtElement(KtVisitor.java:24)
	at org.jetbrains.kotlin.psi.KtVisitorVoid.visitKtElement(KtVisitorVoid.java:25)
	at org.jetbrains.kotlin.psi.KtVisitorVoid.visitKtElement(KtVisitorVoid.java:455)
	at org.jetbrains.kotlin.psi.KtVisitorVoid.visitKtElement(KtVisitorVoid.java:21)
	at org.jetbrains.kotlin.psi.KtVisitor.visitExpression(KtVisitor.java:196)
	at org.jetbrains.kotlin.psi.KtVisitorVoid.visitExpression(KtVisitorVoid.java:173)
	at org.jetbrains.kotlin.psi.KtVisitorVoid.visitExpression(KtVisitorVoid.java:667)
	at org.jetbrains.kotlin.psi.KtVisitorVoid.visitExpression(KtVisitorVoid.java:21)
	at org.jetbrains.kotlin.psi.KtVisitor.visitBinaryExpression(KtVisitor.java:232)
	at org.jetbrains.kotlin.psi.KtVisitorVoid.visitBinaryExpression(KtVisitorVoid.java:209)
	at org.jetbrains.kotlin.psi.KtVisitorVoid.visitBinaryExpression(KtVisitorVoid.java:721)
	at org.jetbrains.kotlin.psi.KtVisitorVoid.visitBinaryExpression(KtVisitorVoid.java:21)
	at org.jetbrains.kotlin.psi.KtBinaryExpression.accept(KtBinaryExpression.java:35)
	at org.jetbrains.kotlin.psi.KtElementImpl.accept(KtElementImpl.java:51)
	at org.jetbrains.kotlin.com.intellij.psi.impl.PsiElementBase.acceptChildren(PsiElementBase.java:59)
	at org.jetbrains.kotlin.psi.KtTreeVisitorVoid.visitElement(KtTreeVisitorVoid.java:25)
	at org.jetbrains.kotlin.psi.KtVisitor.visitKtElement(KtVisitor.java:24)
	at org.jetbrains.kotlin.psi.KtVisitorVoid.visitKtElement(KtVisitorVoid.java:25)
	at org.jetbrains.kotlin.psi.KtVisitorVoid.visitKtElement(KtVisitorVoid.java:455)
	at org.jetbrains.kotlin.psi.KtVisitorVoid.visitKtElement(KtVisitorVoid.java:21)
	at org.jetbrains.kotlin.psi.KtVisitor.visitExpression(KtVisitor.java:196)
	at org.jetbrains.kotlin.psi.KtVisitorVoid.visitExpression(KtVisitorVoid.java:173)
	at org.jetbrains.kotlin.psi.KtVisitorVoid.visitExpression(KtVisitorVoid.java:667)
	at org.jetbrains.kotlin.psi.KtVisitorVoid.visitExpression(KtVisitorVoid.java:21)
	at org.jetbrains.kotlin.psi.KtVisitor.visitBinaryExpression(KtVisitor.java:232)
	at org.jetbrains.kotlin.psi.KtVisitorVoid.visitBinaryExpression(KtVisitorVoid.java:209)
	at org.jetbrains.kotlin.psi.KtVisitorVoid.visitBinaryExpression(KtVisitorVoid.java:721)
	at org.jetbrains.kotlin.psi.KtVisitorVoid.visitBinaryExpression(KtVisitorVoid.java:21)
	at org.jetbrains.kotlin.psi.KtBinaryExpression.accept(KtBinaryExpression.java:35)
	at org.jetbrains.kotlin.psi.KtElementImpl.accept(KtElementImpl.java:51)
	at org.jetbrains.kotlin.com.intellij.psi.impl.PsiElementBase.acceptChildren(PsiElementBase.java:59)
	at org.jetbrains.kotlin.psi.KtTreeVisitorVoid.visitElement(KtTreeVisitorVoid.java:25)
	at org.jetbrains.kotlin.psi.KtVisitor.visitKtElement(KtVisitor.java:24)
	at org.jetbrains.kotlin.psi.KtVisitorVoid.visitKtElement(KtVisitorVoid.java:25)
	at org.jetbrains.kotlin.psi.KtVisitorVoid.visitKtElement(KtVisitorVoid.java:455)
	at org.jetbrains.kotlin.psi.KtVisitorVoid.visitKtElement(KtVisitorVoid.java:21)
	at org.jetbrains.kotlin.psi.KtVisitor.visitExpression(KtVisitor.java:196)
	at org.jetbrains.kotlin.psi.KtVisitorVoid.visitExpression(KtVisitorVoid.java:173)
	at org.jetbrains.kotlin.psi.KtVisitorVoid.visitExpression(KtVisitorVoid.java:667)
	at org.jetbrains.kotlin.psi.KtVisitorVoid.visitExpression(KtVisitorVoid.java:21)
	at org.jetbrains.kotlin.psi.KtVisitor.visitBinaryExpression(KtVisitor.java:232)
	at org.jetbrains.kotlin.psi.KtVisitorVoid.visitBinaryExpression(KtVisitorVoid.java:209)
	at org.jetbrains.kotlin.psi.KtVisitorVoid.visitBinaryExpression(KtVisitorVoid.java:721)
	at org.jetbrains.kotlin.psi.KtVisitorVoid.visitBinaryExpression(KtVisitorVoid.java:21)
	at org.jetbrains.kotlin.psi.KtBinaryExpression.accept(KtBinaryExpression.java:35)
	at org.jetbrains.kotlin.psi.KtElementImpl.accept(KtElementImpl.java:51)
	at org.jetbrains.kotlin.com.intellij.psi.impl.PsiElementBase.acceptChildren(PsiElementBase.java:59)
	at org.jetbrains.kotlin.psi.KtTreeVisitorVoid.visitElement(KtTreeVisitorVoid.java:25)
	at org.jetbrains.kotlin.psi.KtVisitor.visitKtElement(KtVisitor.java:24)
	at org.jetbrains.kotlin.psi.KtVisitorVoid.visitKtElement(KtVisitorVoid.java:25)
	at org.jetbrains.kotlin.psi.KtVisitorVoid.visitKtElement(KtVisitorVoid.java:455)
	at org.jetbrains.kotlin.psi.KtVisitorVoid.visitKtElement(KtVisitorVoid.java:21)
	at org.jetbrains.kotlin.psi.KtVisitor.visitExpression(KtVisitor.java:196)
	at org.jetbrains.kotlin.psi.KtVisitorVoid.visitExpression(KtVisitorVoid.java:173)
	at org.jetbrains.kotlin.psi.KtVisitorVoid.visitExpression(KtVisitorVoid.java:667)
	at org.jetbrains.kotlin.psi.KtVisitorVoid.visitExpression(KtVisitorVoid.java:21)
	at org.jetbrains.kotlin.psi.KtVisitor.visitBinaryExpression(KtVisitor.java:232)
	at org.jetbrains.kotlin.psi.KtVisitorVoid.visitBinaryExpression(KtVisitorVoid.java:209)
	at org.jetbrains.kotlin.psi.KtVisitorVoid.visitBinaryExpression(KtVisitorVoid.java:721)
	at org.jetbrains.kotlin.psi.KtVisitorVoid.visitBinaryExpression(KtVisitorVoid.java:21)
	at org.jetbrains.kotlin.psi.KtBinaryExpression.accept(KtBinaryExpression.java:35)
	at org.jetbrains.kotlin.psi.KtElementImpl.accept(KtElementImpl.java:51)
	at org.jetbrains.kotlin.com.intellij.psi.impl.PsiElementBase.acceptChildren(PsiElementBase.java:59)
	at org.jetbrains.kotlin.psi.KtTreeVisitorVoid.visitElement(KtTreeVisitorVoid.java:25)
	at org.jetbrains.kotlin.psi.KtVisitor.visitKtElement(KtVisitor.java:24)
	at org.jetbrains.kotlin.psi.KtVisitorVoid.visitKtElement(KtVisitorVoid.java:25)
	at org.jetbrains.kotlin.psi.KtVisitorVoid.visitKtElement(KtVisitorVoid.java:455)
	at org.jetbrains.kotlin.psi.KtVisitorVoid.visitKtElement(KtVisitorVoid.java:21)
	at org.jetbrains.kotlin.psi.KtVisitor.visitExpression(KtVisitor.java:196)
	at org.jetbrains.kotlin.psi.KtVisitorVoid.visitExpression(KtVisitorVoid.java:173)
	at org.jetbrains.kotlin.psi.KtVisitorVoid.visitExpression(KtVisitorVoid.java:667)
	at org.jetbrains.kotlin.psi.KtVisitorVoid.visitExpression(KtVisitorVoid.java:21)
	at org.jetbrains.kotlin.psi.KtVisitor.visitBinaryExpression(KtVisitor.java:232)
	at org.jetbrains.kotlin.psi.KtVisitorVoid.visitBinaryExpression(KtVisitorVoid.java:209)
	at org.jetbrains.kotlin.psi.KtVisitorVoid.visitBinaryExpression(KtVisitorVoid.java:721)
	at org.jetbrains.kotlin.psi.KtVisitorVoid.visitBinaryExpression(KtVisitorVoid.java:21)
	at org.jetbrains.kotlin.psi.KtBinaryExpression.accept(KtBinaryExpression.java:35)
	at org.jetbrains.kotlin.psi.KtElementImpl.accept(KtElementImpl.java:51)
	at org.jetbrains.kotlin.com.intellij.psi.impl.PsiElementBase.acceptChildren(PsiElementBase.java:59)
	at org.jetbrains.kotlin.psi.KtTreeVisitorVoid.visitElement(KtTreeVisitorVoid.java:25)
	at org.jetbrains.kotlin.psi.KtVisitor.visitKtElement(KtVisitor.java:24)
	at org.jetbrains.kotlin.psi.KtVisitorVoid.visitKtElement(KtVisitorVoid.java:25)
	at org.jetbrains.kotlin.psi.KtVisitorVoid.visitKtElement(KtVisitorVoid.java:455)
	at org.jetbrains.kotlin.psi.KtVisitorVoid.visitKtElement(KtVisitorVoid.java:21)
	at org.jetbrains.kotlin.psi.KtVisitor.visitExpression(KtVisitor.java:196)
	at org.jetbrains.kotlin.psi.KtVisitorVoid.visitExpression(KtVisitorVoid.java:173)
	at org.jetbrains.kotlin.psi.KtVisitorVoid.visitExpression(KtVisitorVoid.java:667)
	at org.jetbrains.kotlin.psi.KtVisitorVoid.visitExpression(KtVisitorVoid.java:21)
	at org.jetbrains.kotlin.psi.KtVisitor.visitBinaryExpression(KtVisitor.java:232)
	at org.jetbrains.kotlin.psi.KtVisitorVoid.visitBinaryExpression(KtVisitorVoid.java:209)
	at org.jetbrains.kotlin.psi.KtVisitorVoid.visitBinaryExpression(KtVisitorVoid.java:721)
	at org.jetbrains.kotlin.psi.KtVisitorVoid.visitBinaryExpression(KtVisitorVoid.java:21)
	at org.jetbrains.kotlin.psi.KtBinaryExpression.accept(KtBinaryExpression.java:35)
	at org.jetbrains.kotlin.psi.KtElementImpl.accept(KtElementImpl.java:51)
	at org.jetbrains.kotlin.com.intellij.psi.impl.PsiElementBase.acceptChildren(PsiElementBase.java:59)
	at org.jetbrains.kotlin.psi.KtTreeVisitorVoid.visitElement(KtTreeVisitorVoid.java:25)
	at org.jetbrains.kotlin.psi.KtVisitor.visitKtElement(KtVisitor.java:24)
	at org.jetbrains.kotlin.psi.KtVisitorVoid.visitKtElement(KtVisitorVoid.java:25)
	at org.jetbrains.kotlin.psi.KtVisitorVoid.visitKtElement(KtVisitorVoid.java:455)
	at org.jetbrains.kotlin.psi.KtVisitorVoid.visitKtElement(KtVisitorVoid.java:21)
	at org.jetbrains.kotlin.psi.KtVisitor.visitExpression(KtVisitor.java:196)
	at org.jetbrains.kotlin.psi.KtVisitorVoid.visitExpression(KtVisitorVoid.java:173)
	at org.jetbrains.kotlin.psi.KtVisitorVoid.visitExpression(KtVisitorVoid.java:667)
	at org.jetbrains.kotlin.psi.KtVisitorVoid.visitExpression(KtVisitorVoid.java:21)
	at org.jetbrains.kotlin.psi.KtVisitor.visitBinaryExpression(KtVisitor.java:232)
	at org.jetbrains.kotlin.psi.KtVisitorVoid.visitBinaryExpression(KtVisitorVoid.java:209)
	at org.jetbrains.kotlin.psi.KtVisitorVoid.visitBinaryExpression(KtVisitorVoid.java:721)
	at org.jetbrains.kotlin.psi.KtVisitorVoid.visitBinaryExpression(KtVisitorVoid.java:21)
	at org.jetbrains.kotlin.psi.KtBinaryExpression.accept(KtBinaryExpression.java:35)
	at org.jetbrains.kotlin.psi.KtElementImpl.accept(KtElementImpl.java:51)
	at org.jetbrains.kotlin.com.intellij.psi.impl.PsiElementBase.acceptChildren(PsiElementBase.java:59)
	at org.jetbrains.kotlin.psi.KtTreeVisitorVoid.visitElement(KtTreeVisitorVoid.java:25)
	at org.jetbrains.kotlin.psi.KtVisitor.visitKtElement(KtVisitor.java:24)
	at org.jetbrains.kotlin.psi.KtVisitorVoid.visitKtElement(KtVisitorVoid.java:25)
	at org.jetbrains.kotlin.psi.KtVisitorVoid.visitKtElement(KtVisitorVoid.java:455)
	at org.jetbrains.kotlin.psi.KtVisitorVoid.visitKtElement(KtVisitorVoid.java:21)
	at org.jetbrains.kotlin.psi.KtVisitor.visitExpression(KtVisitor.java:196)
	at org.jetbrains.kotlin.psi.KtVisitorVoid.visitExpression(KtVisitorVoid.java:173)
	at org.jetbrains.kotlin.psi.KtVisitorVoid.visitExpression(KtVisitorVoid.java:667)
	at org.jetbrains.kotlin.psi.KtVisitorVoid.visitExpression(KtVisitorVoid.java:21)
	at org.jetbrains.kotlin.psi.KtVisitor.visitBinaryExpression(KtVisitor.java:232)
	at org.jetbrains.kotlin.psi.KtVisitorVoid.visitBinaryExpression(KtVisitorVoid.java:209)
	at org.jetbrains.kotlin.psi.KtVisitorVoid.visitBinaryExpression(KtVisitorVoid.java:721)
	at org.jetbrains.kotlin.psi.KtVisitorVoid.visitBinaryExpression(KtVisitorVoid.java:21)
	at org.jetbrains.kotlin.psi.KtBinaryExpression.accept(KtBinaryExpression.java:35)
	at org.jetbrains.kotlin.psi.KtElementImpl.accept(KtElementImpl.java:51)
	at org.jetbrains.kotlin.com.intellij.psi.impl.PsiElementBase.acceptChildren(PsiElementBase.java:59)
	at org.jetbrains.kotlin.psi.KtTreeVisitorVoid.visitElement(KtTreeVisitorVoid.java:25)
	at org.jetbrains.kotlin.psi.KtVisitor.visitKtElement(KtVisitor.java:24)
	at org.jetbrains.kotlin.psi.KtVisitorVoid.visitKtElement(KtVisitorVoid.java:25)
	at org.jetbrains.kotlin.psi.KtVisitorVoid.visitKtElement(KtVisitorVoid.java:455)
	at org.jetbrains.kotlin.psi.KtVisitorVoid.visitKtElement(KtVisitorVoid.java:21)
	at org.jetbrains.kotlin.psi.KtVisitor.visitExpression(KtVisitor.java:196)
	at org.jetbrains.kotlin.psi.KtVisitorVoid.visitExpression(KtVisitorVoid.java:173)
	at org.jetbrains.kotlin.psi.KtVisitorVoid.visitExpression(KtVisitorVoid.java:667)
	at org.jetbrains.kotlin.psi.KtVisitorVoid.visitExpression(KtVisitorVoid.java:21)
	at org.jetbrains.kotlin.psi.KtVisitor.visitBinaryExpression(KtVisitor.java:232)
	at org.jetbrains.kotlin.psi.KtVisitorVoid.visitBinaryExpression(KtVisitorVoid.java:209)
	at org.jetbrains.kotlin.psi.KtVisitorVoid.visitBinaryExpression(KtVisitorVoid.java:721)
	at org.jetbrains.kotlin.psi.KtVisitorVoid.visitBinaryExpression(KtVisitorVoid.java:21)
	at org.jetbrains.kotlin.psi.KtBinaryExpression.accept(KtBinaryExpression.java:35)
	at org.jetbrains.kotlin.psi.KtElementImpl.accept(KtElementImpl.java:51)
	at org.jetbrains.kotlin.com.intellij.psi.impl.PsiElementBase.acceptChildren(PsiElementBase.java:59)
	at org.jetbrains.kotlin.psi.KtTreeVisitorVoid.visitElement(KtTreeVisitorVoid.java:25)
	at org.jetbrains.kotlin.psi.KtVisitor.visitKtElement(KtVisitor.java:24)
	at org.jetbrains.kotlin.psi.KtVisitorVoid.visitKtElement(KtVisitorVoid.java:25)
	at org.jetbrains.kotlin.psi.KtVisitorVoid.visitKtElement(KtVisitorVoid.java:455)
	at org.jetbrains.kotlin.psi.KtVisitorVoid.visitKtElement(KtVisitorVoid.java:21)
	at org.jetbrains.kotlin.psi.KtVisitor.visitExpression(KtVisitor.java:196)
	at org.jetbrains.kotlin.psi.KtVisitorVoid.visitExpression(KtVisitorVoid.java:173)
	at org.jetbrains.kotlin.psi.KtVisitorVoid.visitExpression(KtVisitorVoid.java:667)
	at org.jetbrains.kotlin.psi.KtVisitorVoid.visitExpression(KtVisitorVoid.java:21)
	at org.jetbrains.kotlin.psi.KtVisitor.visitBinaryExpression(KtVisitor.java:232)
	at org.jetbrains.kotlin.psi.KtVisitorVoid.visitBinaryExpression(KtVisitorVoid.java:209)
	at org.jetbrains.kotlin.psi.KtVisitorVoid.visitBinaryExpression(KtVisitorVoid.java:721)
	at org.jetbrains.kotlin.psi.KtVisitorVoid.visitBinaryExpression(KtVisitorVoid.java:21)
	at org.jetbrains.kotlin.psi.KtBinaryExpression.accept(KtBinaryExpression.java:35)
	at org.jetbrains.kotlin.psi.KtElementImpl.accept(KtElementImpl.java:51)
	at org.jetbrains.kotlin.com.intellij.psi.impl.PsiElementBase.acceptChildren(PsiElementBase.java:59)
	at org.jetbrains.kotlin.psi.KtTreeVisitorVoid.visitElement(KtTreeVisitorVoid.java:25)
	at org.jetbrains.kotlin.psi.KtVisitor.visitKtElement(KtVisitor.java:24)
	at org.jetbrains.kotlin.psi.KtVisitorVoid.visitKtElement(KtVisitorVoid.java:25)
	at org.jetbrains.kotlin.psi.KtVisitorVoid.visitKtElement(KtVisitorVoid.java:455)
	at org.jetbrains.kotlin.psi.KtVisitorVoid.visitKtElement(KtVisitorVoid.java:21)
	at org.jetbrains.kotlin.psi.KtVisitor.visitExpression(KtVisitor.java:196)
	at org.jetbrains.kotlin.psi.KtVisitorVoid.visitExpression(KtVisitorVoid.java:173)
	at org.jetbrains.kotlin.psi.KtVisitorVoid.visitExpression(KtVisitorVoid.java:667)
	at org.jetbrains.kotlin.psi.KtVisitorVoid.visitExpression(KtVisitorVoid.java:21)
	at org.jetbrains.kotlin.psi.KtVisitor.visitBinaryExpression(KtVisitor.java:232)
	at org.jetbrains.kotlin.psi.KtVisitorVoid.visitBinaryExpression(KtVisitorVoid.java:209)
	at org.jetbrains.kotlin.psi.KtVisitorVoid.visitBinaryExpression(KtVisitorVoid.java:721)
	at org.jetbrains.kotlin.psi.KtVisitorVoid.visitBinaryExpression(KtVisitorVoid.java:21)
	at org.jetbrains.kotlin.psi.KtBinaryExpression.accept(KtBinaryExpression.java:35)
	at org.jetbrains.kotlin.psi.KtElementImpl.accept(KtElementImpl.java:51)
	at org.jetbrains.kotlin.com.intellij.psi.impl.PsiElementBase.acceptChildren(PsiElementBase.java:59)
	at org.jetbrains.kotlin.psi.KtTreeVisitorVoid.visitElement(KtTreeVisitorVoid.java:25)
	at org.jetbrains.kotlin.psi.KtVisitor.visitKtElement(KtVisitor.java:24)
	at org.jetbrains.kotlin.psi.KtVisitorVoid.visitKtElement(KtVisitorVoid.java:25)
	at org.jetbrains.kotlin.psi.KtVisitorVoid.visitKtElement(KtVisitorVoid.java:455)
	at org.jetbrains.kotlin.psi.KtVisitorVoid.visitKtElement(KtVisitorVoid.java:21)
	at org.jetbrains.kotlin.psi.KtVisitor.visitExpression(KtVisitor.java:196)
	at org.jetbrains.kotlin.psi.KtVisitorVoid.visitExpression(KtVisitorVoid.java:173)
	at org.jetbrains.kotlin.psi.KtVisitorVoid.visitExpression(KtVisitorVoid.java:667)
	at org.jetbrains.kotlin.psi.KtVisitorVoid.visitExpression(KtVisitorVoid.java:21)
	at org.jetbrains.kotlin.psi.KtVisitor.visitBinaryExpression(KtVisitor.java:232)
	at org.jetbrains.kotlin.psi.KtVisitorVoid.visitBinaryExpression(KtVisitorVoid.java:209)
	at org.jetbrains.kotlin.psi.KtVisitorVoid.visitBinaryExpression(KtVisitorVoid.java:721)
	at org.jetbrains.kotlin.psi.KtVisitorVoid.visitBinaryExpression(KtVisitorVoid.java:21)
	at org.jetbrains.kotlin.psi.KtBinaryExpression.accept(KtBinaryExpression.java:35)
	at org.jetbrains.kotlin.psi.KtElementImpl.accept(KtElementImpl.java:51)
	at org.jetbrains.kotlin.com.intellij.psi.impl.PsiElementBase.acceptChildren(PsiElementBase.java:59)
	at org.jetbrains.kotlin.psi.KtTreeVisitorVoid.visitElement(KtTreeVisitorVoid.java:25)
	at org.jetbrains.kotlin.psi.KtVisitor.visitKtElement(KtVisitor.java:24)
	at org.jetbrains.kotlin.psi.KtVisitorVoid.visitKtElement(KtVisitorVoid.java:25)
	at org.jetbrains.kotlin.psi.KtVisitorVoid.visitKtElement(KtVisitorVoid.java:455)
	at org.jetbrains.kotlin.psi.KtVisitorVoid.visitKtElement(KtVisitorVoid.java:21)
	at org.jetbrains.kotlin.psi.KtVisitor.visitExpression(KtVisitor.java:196)
	at org.jetbrains.kotlin.psi.KtVisitorVoid.visitExpression(KtVisitorVoid.java:173)
	at org.jetbrains.kotlin.psi.KtVisitorVoid.visitExpression(KtVisitorVoid.java:667)
	at org.jetbrains.kotlin.psi.KtVisitorVoid.visitExpression(KtVisitorVoid.java:21)
	at org.jetbrains.kotlin.psi.KtVisitor.visitBinaryExpression(KtVisitor.java:232)
	at org.jetbrains.kotlin.psi.KtVisitorVoid.visitBinaryExpression(KtVisitorVoid.java:209)
	at org.jetbrains.kotlin.psi.KtVisitorVoid.visitBinaryExpression(KtVisitorVoid.java:721)
	at org.jetbrains.kotlin.psi.KtVisitorVoid.visitBinaryExpression(KtVisitorVoid.java:21)
	at org.jetbrains.kotlin.psi.KtBinaryExpression.accept(KtBinaryExpression.java:35)
	at org.jetbrains.kotlin.psi.KtElementImpl.accept(KtElementImpl.java:51)
	at org.jetbrains.kotlin.com.intellij.psi.impl.PsiElementBase.acceptChildren(PsiElementBase.java:59)
	at org.jetbrains.kotlin.psi.KtTreeVisitorVoid.visitElement(KtTreeVisitorVoid.java:25)
	at org.jetbrains.kotlin.psi.KtVisitor.visitKtElement(KtVisitor.java:24)
	at org.jetbrains.kotlin.psi.KtVisitorVoid.visitKtElement(KtVisitorVoid.java:25)
	at org.jetbrains.kotlin.psi.KtVisitorVoid.visitKtElement(KtVisitorVoid.java:455)
	at org.jetbrains.kotlin.psi.KtVisitorVoid.visitKtElement(KtVisitorVoid.java:21)
	at org.jetbrains.kotlin.psi.KtVisitor.visitExpression(KtVisitor.java:196)
	at org.jetbrains.kotlin.psi.KtVisitorVoid.visitExpression(KtVisitorVoid.java:173)
	at org.jetbrains.kotlin.psi.KtVisitorVoid.visitExpression(KtVisitorVoid.java:667)
	at org.jetbrains.kotlin.psi.KtVisitorVoid.visitExpression(KtVisitorVoid.java:21)
	at org.jetbrains.kotlin.psi.KtVisitor.visitBinaryExpression(KtVisitor.java:232)
	at org.jetbrains.kotlin.psi.KtVisitorVoid.visitBinaryExpression(KtVisitorVoid.java:209)
	at org.jetbrains.kotlin.psi.KtVisitorVoid.visitBinaryExpression(KtVisitorVoid.java:721)
	at org.jetbrains.kotlin.psi.KtVisitorVoid.visitBinaryExpression(KtVisitorVoid.java:21)
	at org.jetbrains.kotlin.psi.KtBinaryExpression.accept(KtBinaryExpression.java:35)
	at org.jetbrains.kotlin.psi.KtElementImpl.accept(KtElementImpl.java:51)
	at org.jetbrains.kotlin.com.intellij.psi.impl.PsiElementBase.acceptChildren(PsiElementBase.java:59)
	at org.jetbrains.kotlin.psi.KtTreeVisitorVoid.visitElement(KtTreeVisitorVoid.java:25)
	at org.jetbrains.kotlin.psi.KtVisitor.visitKtElement(KtVisitor.java:24)
	at org.jetbrains.kotlin.psi.KtVisitorVoid.visitKtElement(KtVisitorVoid.java:25)
	at org.jetbrains.kotlin.psi.KtVisitorVoid.visitKtElement(KtVisitorVoid.java:455)
	at org.jetbrains.kotlin.psi.KtVisitorVoid.visitKtElement(KtVisitorVoid.java:21)
	at org.jetbrains.kotlin.psi.KtVisitor.visitExpression(KtVisitor.java:196)
	at org.jetbrains.kotlin.psi.KtVisitorVoid.visitExpression(KtVisitorVoid.java:173)
	at org.jetbrains.kotlin.psi.KtVisitorVoid.visitExpression(KtVisitorVoid.java:667)
	at org.jetbrains.kotlin.psi.KtVisitorVoid.visitExpression(KtVisitorVoid.java:21)
	at org.jetbrains.kotlin.psi.KtVisitor.visitBinaryExpression(KtVisitor.java:232)
	at org.jetbrains.kotlin.psi.KtVisitorVoid.visitBinaryExpression(KtVisitorVoid.java:209)
	at org.jetbrains.kotlin.psi.KtVisitorVoid.visitBinaryExpression(KtVisitorVoid.java:721)
	at org.jetbrains.kotlin.psi.KtVisitorVoid.visitBinaryExpression(KtVisitorVoid.java:21)
	at org.jetbrains.kotlin.psi.KtBinaryExpression.accept(KtBinaryExpression.java:35)
	at org.jetbrains.kotlin.psi.KtElementImpl.accept(KtElementImpl.java:51)
	at org.jetbrains.kotlin.com.intellij.psi.impl.PsiElementBase.acceptChildren(PsiElementBase.java:59)
	at org.jetbrains.kotlin.psi.KtTreeVisitorVoid.visitElement(KtTreeVisitorVoid.java:25)
	at org.jetbrains.kotlin.psi.KtVisitor.visitKtElement(KtVisitor.java:24)
	at org.jetbrains.kotlin.psi.KtVisitorVoid.visitKtElement(KtVisitorVoid.java:25)
	at org.jetbrains.kotlin.psi.KtVisitorVoid.visitKtElement(KtVisitorVoid.java:455)
	at org.jetbrains.kotlin.psi.KtVisitorVoid.visitKtElement(KtVisitorVoid.java:21)
	at org.jetbrains.kotlin.psi.KtVisitor.visitExpression(KtVisitor.java:196)
	at org.jetbrains.kotlin.psi.KtVisitorVoid.visitExpression(KtVisitorVoid.java:173)
	at org.jetbrains.kotlin.psi.KtVisitorVoid.visitExpression(KtVisitorVoid.java:667)
	at org.jetbrains.kotlin.psi.KtVisitorVoid.visitExpression(KtVisitorVoid.java:21)
	at org.jetbrains.kotlin.psi.KtVisitor.visitBinaryExpression(KtVisitor.java:232)
	at org.jetbrains.kotlin.psi.KtVisitorVoid.visitBinaryExpression(KtVisitorVoid.java:209)
	at org.jetbrains.kotlin.psi.KtVisitorVoid.visitBinaryExpression(KtVisitorVoid.java:721)
	at org.jetbrains.kotlin.psi.KtVisitorVoid.visitBinaryExpression(KtVisitorVoid.java:21)
	at org.jetbrains.kotlin.psi.KtBinaryExpression.accept(KtBinaryExpression.java:35)
	at org.jetbrains.kotlin.psi.KtElementImpl.accept(KtElementImpl.java:51)
	at org.jetbrains.kotlin.com.intellij.psi.impl.PsiElementBase.acceptChildren(PsiElementBase.java:59)
	at org.jetbrains.kotlin.psi.KtTreeVisitorVoid.visitElement(KtTreeVisitorVoid.java:25)
	at org.jetbrains.kotlin.psi.KtVisitor.visitKtElement(KtVisitor.java:24)
	at org.jetbrains.kotlin.psi.KtVisitorVoid.visitKtElement(KtVisitorVoid.java:25)
	at org.jetbrains.kotlin.psi.KtVisitorVoid.visitKtElement(KtVisitorVoid.java:455)
	at org.jetbrains.kotlin.psi.KtVisitorVoid.visitKtElement(KtVisitorVoid.java:21)
	at org.jetbrains.kotlin.psi.KtVisitor.visitExpression(KtVisitor.java:196)
	at org.jetbrains.kotlin.psi.KtVisitorVoid.visitExpression(KtVisitorVoid.java:173)
	at org.jetbrains.kotlin.psi.KtVisitorVoid.visitExpression(KtVisitorVoid.java:667)
	at org.jetbrains.kotlin.psi.KtVisitorVoid.visitExpression(KtVisitorVoid.java:21)
	at org.jetbrains.kotlin.psi.KtVisitor.visitBinaryExpression(KtVisitor.java:232)
	at org.jetbrains.kotlin.psi.KtVisitorVoid.visitBinaryExpression(KtVisitorVoid.java:209)
	at org.jetbrains.kotlin.psi.KtVisitorVoid.visitBinaryExpression(KtVisitorVoid.java:721)
	at org.jetbrains.kotlin.psi.KtVisitorVoid.visitBinaryExpression(KtVisitorVoid.java:21)
	at org.jetbrains.kotlin.psi.KtBinaryExpression.accept(KtBinaryExpression.java:35)
	at org.jetbrains.kotlin.psi.KtElementImpl.accept(KtElementImpl.java:51)
	at org.jetbrains.kotlin.com.intellij.psi.impl.PsiElementBase.acceptChildren(PsiElementBase.java:59)
	at org.jetbrains.kotlin.psi.KtTreeVisitorVoid.visitElement(KtTreeVisitorVoid.java:25)
	at org.jetbrains.kotlin.psi.KtVisitor.visitKtElement(KtVisitor.java:24)
	at org.jetbrains.kotlin.psi.KtVisitorVoid.visitKtElement(KtVisitorVoid.java:25)
	at org.jetbrains.kotlin.psi.KtVisitorVoid.visitKtElement(KtVisitorVoid.java:455)
	at org.jetbrains.kotlin.psi.KtVisitorVoid.visitKtElement(KtVisitorVoid.java:21)
	at org.jetbrains.kotlin.psi.KtVisitor.visitExpression(KtVisitor.java:196)
	at org.jetbrains.kotlin.psi.KtVisitorVoid.visitExpression(KtVisitorVoid.java:173)
	at org.jetbrains.kotlin.psi.KtVisitorVoid.visitExpression(KtVisitorVoid.java:667)
	at org.jetbrains.kotlin.psi.KtVisitorVoid.visitExpression(KtVisitorVoid.java:21)
	at org.jetbrains.kotlin.psi.KtVisitor.visitBinaryExpression(KtVisitor.java:232)
	at org.jetbrains.kotlin.psi.KtVisitorVoid.visitBinaryExpression(KtVisitorVoid.java:209)
	at org.jetbrains.kotlin.psi.KtVisitorVoid.visitBinaryExpression(KtVisitorVoid.java:721)
	at org.jetbrains.kotlin.psi.KtVisitorVoid.visitBinaryExpression(KtVisitorVoid.java:21)
	at org.jetbrains.kotlin.psi.KtBinaryExpression.accept(KtBinaryExpression.java:35)
	at org.jetbrains.kotlin.psi.KtElementImpl.accept(KtElementImpl.java:51)
	at org.jetbrains.kotlin.com.intellij.psi.impl.PsiElementBase.acceptChildren(PsiElementBase.java:59)
	at org.jetbrains.kotlin.psi.KtTreeVisitorVoid.visitElement(KtTreeVisitorVoid.java:25)
	at org.jetbrains.kotlin.psi.KtVisitor.visitKtElement(KtVisitor.java:24)
	at org.jetbrains.kotlin.psi.KtVisitorVoid.visitKtElement(KtVisitorVoid.java:25)
	at org.jetbrains.kotlin.psi.KtVisitorVoid.visitKtElement(KtVisitorVoid.java:455)
	at org.jetbrains.kotlin.psi.KtVisitorVoid.visitKtElement(KtVisitorVoid.java:21)
	at org.jetbrains.kotlin.psi.KtVisitor.visitExpression(KtVisitor.java:196)
	at org.jetbrains.kotlin.psi.KtVisitorVoid.visitExpression(KtVisitorVoid.java:173)
	at org.jetbrains.kotlin.psi.KtVisitorVoid.visitExpression(KtVisitorVoid.java:667)
	at org.jetbrains.kotlin.psi.KtVisitorVoid.visitExpression(KtVisitorVoid.java:21)
	at org.jetbrains.kotlin.psi.KtVisitor.visitBinaryExpression(KtVisitor.java:232)
	at org.jetbrains.kotlin.psi.KtVisitorVoid.visitBinaryExpression(KtVisitorVoid.java:209)
	at org.jetbrains.kotlin.psi.KtVisitorVoid.visitBinaryExpression(KtVisitorVoid.java:721)
	at org.jetbrains.kotlin.psi.KtVisitorVoid.visitBinaryExpression(KtVisitorVoid.java:21)
	at org.jetbrains.kotlin.psi.KtBinaryExpression.accept(KtBinaryExpression.java:35)
	at org.jetbrains.kotlin.psi.KtElementImpl.accept(KtElementImpl.java:51)
	at org.jetbrains.kotlin.com.intellij.psi.impl.PsiElementBase.acceptChildren(PsiElementBase.java:59)
	at org.jetbrains.kotlin.psi.KtTreeVisitorVoid.visitElement(KtTreeVisitorVoid.java:25)
	at org.jetbrains.kotlin.psi.KtVisitor.visitKtElement(KtVisitor.java:24)
	at org.jetbrains.kotlin.psi.KtVisitorVoid.visitKtElement(KtVisitorVoid.java:25)
	at org.jetbrains.kotlin.psi.KtVisitorVoid.visitKtElement(KtVisitorVoid.java:455)
	at org.jetbrains.kotlin.psi.KtVisitorVoid.visitKtElement(KtVisitorVoid.java:21)
	at org.jetbrains.kotlin.psi.KtVisitor.visitExpression(KtVisitor.java:196)
	at org.jetbrains.kotlin.psi.KtVisitorVoid.visitExpression(KtVisitorVoid.java:173)
	at org.jetbrains.kotlin.psi.KtVisitorVoid.visitExpression(KtVisitorVoid.java:667)
	at org.jetbrains.kotlin.psi.KtVisitorVoid.visitExpression(KtVisitorVoid.java:21)
	at org.jetbrains.kotlin.psi.KtVisitor.visitBinaryExpression(KtVisitor.java:232)
	at org.jetbrains.kotlin.psi.KtVisitorVoid.visitBinaryExpression(KtVisitorVoid.java:209)
	at org.jetbrains.kotlin.psi.KtVisitorVoid.visitBinaryExpression(KtVisitorVoid.java:721)
	at org.jetbrains.kotlin.psi.KtVisitorVoid.visitBinaryExpression(KtVisitorVoid.java:21)
	at org.jetbrains.kotlin.psi.KtBinaryExpression.accept(KtBinaryExpression.java:35)
	at org.jetbrains.kotlin.psi.KtElementImpl.accept(KtElementImpl.java:51)
	at org.jetbrains.kotlin.com.intellij.psi.impl.PsiElementBase.acceptChildren(PsiElementBase.java:59)
	at org.jetbrains.kotlin.psi.KtTreeVisitorVoid.visitElement(KtTreeVisitorVoid.java:25)
	at org.jetbrains.kotlin.psi.KtVisitor.visitKtElement(KtVisitor.java:24)
	at org.jetbrains.kotlin.psi.KtVisitorVoid.visitKtElement(KtVisitorVoid.java:25)
	at org.jetbrains.kotlin.psi.KtVisitorVoid.visitKtElement(KtVisitorVoid.java:455)
	at org.jetbrains.kotlin.psi.KtVisitorVoid.visitKtElement(KtVisitorVoid.java:21)
	at org.jetbrains.kotlin.psi.KtVisitor.visitExpression(KtVisitor.java:196)
	at org.jetbrains.kotlin.psi.KtVisitorVoid.visitExpression(KtVisitorVoid.java:173)
	at org.jetbrains.kotlin.psi.KtVisitorVoid.visitExpression(KtVisitorVoid.java:667)
	at org.jetbrains.kotlin.psi.KtVisitorVoid.visitExpression(KtVisitorVoid.java:21)
	at org.jetbrains.kotlin.psi.KtVisitor.visitBinaryExpression(KtVisitor.java:232)
	at org.jetbrains.kotlin.psi.KtVisitorVoid.visitBinaryExpression(KtVisitorVoid.java:209)
	at org.jetbrains.kotlin.psi.KtVisitorVoid.visitBinaryExpression(KtVisitorVoid.java:721)
	at org.jetbrains.kotlin.psi.KtVisitorVoid.visitBinaryExpression(KtVisitorVoid.java:21)
	at org.jetbrains.kotlin.psi.KtBinaryExpression.accept(KtBinaryExpression.java:35)
	at org.jetbrains.kotlin.psi.KtElementImpl.accept(KtElementImpl.java:51)
	at org.jetbrains.kotlin.com.intellij.psi.impl.PsiElementBase.acceptChildren(PsiElementBase.java:59)
	at org.jetbrains.kotlin.psi.KtTreeVisitorVoid.visitElement(KtTreeVisitorVoid.java:25)
	at org.jetbrains.kotlin.psi.KtVisitor.visitKtElement(KtVisitor.java:24)
	at org.jetbrains.kotlin.psi.KtVisitorVoid.visitKtElement(KtVisitorVoid.java:25)
	at org.jetbrains.kotlin.psi.KtVisitorVoid.visitKtElement(KtVisitorVoid.java:455)
	at org.jetbrains.kotlin.psi.KtVisitorVoid.visitKtElement(KtVisitorVoid.java:21)
	at org.jetbrains.kotlin.psi.KtVisitor.visitExpression(KtVisitor.java:196)
	at org.jetbrains.kotlin.psi.KtVisitorVoid.visitExpression(KtVisitorVoid.java:173)
	at org.jetbrains.kotlin.psi.KtVisitorVoid.visitExpression(KtVisitorVoid.java:667)
	at org.jetbrains.kotlin.psi.KtVisitorVoid.visitExpression(KtVisitorVoid.java:21)
	at org.jetbrains.kotlin.psi.KtVisitor.visitBinaryExpression(KtVisitor.java:232)
	at org.jetbrains.kotlin.psi.KtVisitorVoid.visitBinaryExpression(KtVisitorVoid.java:209)
	at org.jetbrains.kotlin.psi.KtVisitorVoid.visitBinaryExpression(KtVisitorVoid.java:721)
	at org.jetbrains.kotlin.psi.KtVisitorVoid.visitBinaryExpression(KtVisitorVoid.java:21)
	at org.jetbrains.kotlin.psi.KtBinaryExpression.accept(KtBinaryExpression.java:35)
	at org.jetbrains.kotlin.psi.KtElementImpl.accept(KtElementImpl.java:51)
	at org.jetbrains.kotlin.com.intellij.psi.impl.PsiElementBase.acceptChildren(PsiElementBase.java:59)
	at org.jetbrains.kotlin.psi.KtTreeVisitorVoid.visitElement(KtTreeVisitorVoid.java:25)
	at org.jetbrains.kotlin.psi.KtVisitor.visitKtElement(KtVisitor.java:24)
	at org.jetbrains.kotlin.psi.KtVisitorVoid.visitKtElement(KtVisitorVoid.java:25)
	at org.jetbrains.kotlin.psi.KtVisitorVoid.visitKtElement(KtVisitorVoid.java:455)
	at org.jetbrains.kotlin.psi.KtVisitorVoid.visitKtElement(KtVisitorVoid.java:21)
	at org.jetbrains.kotlin.psi.KtVisitor.visitExpression(KtVisitor.java:196)
	at org.jetbrains.kotlin.psi.KtVisitorVoid.visitExpression(KtVisitorVoid.java:173)
	at org.jetbrains.kotlin.psi.KtVisitorVoid.visitExpression(KtVisitorVoid.java:667)
	at org.jetbrains.kotlin.psi.KtVisitorVoid.visitExpression(KtVisitorVoid.java:21)
	at org.jetbrains.kotlin.psi.KtVisitor.visitBinaryExpression(KtVisitor.java:232)
	at org.jetbrains.kotlin.psi.KtVisitorVoid.visitBinaryExpression(KtVisitorVoid.java:209)
	at org.jetbrains.kotlin.psi.KtVisitorVoid.visitBinaryExpression(KtVisitorVoid.java:721)
	at org.jetbrains.kotlin.psi.KtVisitorVoid.visitBinaryExpression(KtVisitorVoid.java:21)
	at org.jetbrains.kotlin.psi.KtBinaryExpression.accept(KtBinaryExpression.java:35)
	at org.jetbrains.kotlin.psi.KtElementImpl.accept(KtElementImpl.java:51)
	at org.jetbrains.kotlin.com.intellij.psi.impl.PsiElementBase.acceptChildren(PsiElementBase.java:59)
	at org.jetbrains.kotlin.psi.KtTreeVisitorVoid.visitElement(KtTreeVisitorVoid.java:25)
	at org.jetbrains.kotlin.psi.KtVisitor.visitKtElement(KtVisitor.java:24)
	at org.jetbrains.kotlin.psi.KtVisitorVoid.visitKtElement(KtVisitorVoid.java:25)
	at org.jetbrains.kotlin.psi.KtVisitorVoid.visitKtElement(KtVisitorVoid.java:455)
	at org.jetbrains.kotlin.psi.KtVisitorVoid.visitKtElement(KtVisitorVoid.java:21)
	at org.jetbrains.kotlin.psi.KtVisitor.visitExpression(KtVisitor.java:196)
	at org.jetbrains.kotlin.psi.KtVisitorVoid.visitExpression(KtVisitorVoid.java:173)
	at org.jetbrains.kotlin.psi.KtVisitorVoid.visitExpression(KtVisitorVoid.java:667)
	at org.jetbrains.kotlin.psi.KtVisitorVoid.visitExpression(KtVisitorVoid.java:21)
	at org.jetbrains.kotlin.psi.KtVisitor.visitBinaryExpression(KtVisitor.java:232)
	at org.jetbrains.kotlin.psi.KtVisitorVoid.visitBinaryExpression(KtVisitorVoid.java:209)
	at org.jetbrains.kotlin.psi.KtVisitorVoid.visitBinaryExpression(KtVisitorVoid.java:721)
	at org.jetbrains.kotlin.psi.KtVisitorVoid.visitBinaryExpression(KtVisitorVoid.java:21)
	at org.jetbrains.kotlin.psi.KtBinaryExpression.accept(KtBinaryExpression.java:35)
	at org.jetbrains.kotlin.psi.KtElementImpl.accept(KtElementImpl.java:51)
	at org.jetbrains.kotlin.com.intellij.psi.impl.PsiElementBase.acceptChildren(PsiElementBase.java:59)
	at org.jetbrains.kotlin.psi.KtTreeVisitorVoid.visitElement(KtTreeVisitorVoid.java:25)
	at org.jetbrains.kotlin.psi.KtVisitor.visitKtElement(KtVisitor.java:24)
	at org.jetbrains.kotlin.psi.KtVisitorVoid.visitKtElement(KtVisitorVoid.java:25)
	at org.jetbrains.kotlin.psi.KtVisitorVoid.visitKtElement(KtVisitorVoid.java:455)
	at org.jetbrains.kotlin.psi.KtVisitorVoid.visitKtElement(KtVisitorVoid.java:21)
	at org.jetbrains.kotlin.psi.KtVisitor.visitExpression(KtVisitor.java:196)
	at org.jetbrains.kotlin.psi.KtVisitorVoid.visitExpression(KtVisitorVoid.java:173)
	at org.jetbrains.kotlin.psi.KtVisitorVoid.visitExpression(KtVisitorVoid.java:667)
	at org.jetbrains.kotlin.psi.KtVisitorVoid.visitExpression(KtVisitorVoid.java:21)
	at org.jetbrains.kotlin.psi.KtVisitor.visitBinaryExpression(KtVisitor.java:232)
	at org.jetbrains.kotlin.psi.KtVisitorVoid.visitBinaryExpression(KtVisitorVoid.java:209)
	at org.jetbrains.kotlin.psi.KtVisitorVoid.visitBinaryExpression(KtVisitorVoid.java:721)
	at org.jetbrains.kotlin.psi.KtVisitorVoid.visitBinaryExpression(KtVisitorVoid.java:21)
	at org.jetbrains.kotlin.psi.KtBinaryExpression.accept(KtBinaryExpression.java:35)
	at org.jetbrains.kotlin.psi.KtElementImpl.accept(KtElementImpl.java:51)
	at org.jetbrains.kotlin.com.intellij.psi.impl.PsiElementBase.acceptChildren(PsiElementBase.java:59)
	at org.jetbrains.kotlin.psi.KtTreeVisitorVoid.visitElement(KtTreeVisitorVoid.java:25)
	at org.jetbrains.kotlin.psi.KtVisitor.visitKtElement(KtVisitor.java:24)
	at org.jetbrains.kotlin.psi.KtVisitorVoid.visitKtElement(KtVisitorVoid.java:25)
	at org.jetbrains.kotlin.psi.KtVisitorVoid.visitKtElement(KtVisitorVoid.java:455)
	at org.jetbrains.kotlin.psi.KtVisitorVoid.visitKtElement(KtVisitorVoid.java:21)
	at org.jetbrains.kotlin.psi.KtVisitor.visitExpression(KtVisitor.java:196)
	at org.jetbrains.kotlin.psi.KtVisitorVoid.visitExpression(KtVisitorVoid.java:173)
	at org.jetbrains.kotlin.psi.KtVisitorVoid.visitExpression(KtVisitorVoid.java:667)
	at org.jetbrains.kotlin.psi.KtVisitorVoid.visitExpression(KtVisitorVoid.java:21)
	at org.jetbrains.kotlin.psi.KtVisitor.visitBinaryExpression(KtVisitor.java:232)
	at org.jetbrains.kotlin.psi.KtVisitorVoid.visitBinaryExpression(KtVisitorVoid.java:209)
	at org.jetbrains.kotlin.psi.KtVisitorVoid.visitBinaryExpression(KtVisitorVoid.java:721)
	at org.jetbrains.kotlin.psi.KtVisitorVoid.visitBinaryExpression(KtVisitorVoid.java:21)
	at org.jetbrains.kotlin.psi.KtBinaryExpression.accept(KtBinaryExpression.java:35)
	at org.jetbrains.kotlin.psi.KtElementImpl.accept(KtElementImpl.java:51)
	at org.jetbrains.kotlin.com.intellij.psi.impl.PsiElementBase.acceptChildren(PsiElementBase.java:59)
	at org.jetbrains.kotlin.psi.KtTreeVisitorVoid.visitElement(KtTreeVisitorVoid.java:25)
	at org.jetbrains.kotlin.psi.KtVisitor.visitKtElement(KtVisitor.java:24)
	at org.jetbrains.kotlin.psi.KtVisitorVoid.visitKtElement(KtVisitorVoid.java:25)
	at org.jetbrains.kotlin.psi.KtVisitorVoid.visitKtElement(KtVisitorVoid.java:455)
	at org.jetbrains.kotlin.psi.KtVisitorVoid.visitKtElement(KtVisitorVoid.java:21)
	at org.jetbrains.kotlin.psi.KtVisitor.visitExpression(KtVisitor.java:196)
	at org.jetbrains.kotlin.psi.KtVisitorVoid.visitExpression(KtVisitorVoid.java:173)
	at org.jetbrains.kotlin.psi.KtVisitorVoid.visitExpression(KtVisitorVoid.java:667)
	at org.jetbrains.kotlin.psi.KtVisitorVoid.visitExpression(KtVisitorVoid.java:21)
	at org.jetbrains.kotlin.psi.KtVisitor.visitBinaryExpression(KtVisitor.java:232)
	at org.jetbrains.kotlin.psi.KtVisitorVoid.visitBinaryExpression(KtVisitorVoid.java:209)
	at org.jetbrains.kotlin.psi.KtVisitorVoid.visitBinaryExpression(KtVisitorVoid.java:721)
	at org.jetbrains.kotlin.psi.KtVisitorVoid.visitBinaryExpression(KtVisitorVoid.java:21)
	at org.jetbrains.kotlin.psi.KtBinaryExpression.accept(KtBinaryExpression.java:35)
	at org.jetbrains.kotlin.psi.KtElementImpl.accept(KtElementImpl.java:51)
	at org.jetbrains.kotlin.com.intellij.psi.impl.PsiElementBase.acceptChildren(PsiElementBase.java:59)
	at org.jetbrains.kotlin.psi.KtTreeVisitorVoid.visitElement(KtTreeVisitorVoid.java:25)
	at org.jetbrains.kotlin.psi.KtVisitor.visitKtElement(KtVisitor.java:24)
	at org.jetbrains.kotlin.psi.KtVisitorVoid.visitKtElement(KtVisitorVoid.java:25)
	at org.jetbrains.kotlin.psi.KtVisitorVoid.visitKtElement(KtVisitorVoid.java:455)
	at org.jetbrains.kotlin.psi.KtVisitorVoid.visitKtElement(KtVisitorVoid.java:21)
	at org.jetbrains.kotlin.psi.KtVisitor.visitExpression(KtVisitor.java:196)
	at org.jetbrains.kotlin.psi.KtVisitorVoid.visitExpression(KtVisitorVoid.java:173)
	at org.jetbrains.kotlin.psi.KtVisitorVoid.visitExpression(KtVisitorVoid.java:667)
	at org.jetbrains.kotlin.psi.KtVisitorVoid.visitExpression(KtVisitorVoid.java:21)
	at org.jetbrains.kotlin.psi.KtVisitor.visitBinaryExpression(KtVisitor.java:232)
	at org.jetbrains.kotlin.psi.KtVisitorVoid.visitBinaryExpression(KtVisitorVoid.java:209)
	at org.jetbrains.kotlin.psi.KtVisitorVoid.visitBinaryExpression(KtVisitorVoid.java:721)
	at org.jetbrains.kotlin.psi.KtVisitorVoid.visitBinaryExpression(KtVisitorVoid.java:21)
	at org.jetbrains.kotlin.psi.KtBinaryExpression.accept(KtBinaryExpression.java:35)
	at org.jetbrains.kotlin.psi.KtElementImpl.accept(KtElementImpl.java:51)
	at org.jetbrains.kotlin.com.intellij.psi.impl.PsiElementBase.acceptChildren(PsiElementBase.java:59)
	at org.jetbrains.kotlin.psi.KtTreeVisitorVoid.visitElement(KtTreeVisitorVoid.java:25)
	at org.jetbrains.kotlin.psi.KtVisitor.visitKtElement(KtVisitor.java:24)
	at org.jetbrains.kotlin.psi.KtVisitorVoid.visitKtElement(KtVisitorVoid.java:25)
	at org.jetbrains.kotlin.psi.KtVisitorVoid.visitKtElement(KtVisitorVoid.java:455)
	at org.jetbrains.kotlin.psi.KtVisitorVoid.visitKtElement(KtVisitorVoid.java:21)
	at org.jetbrains.kotlin.psi.KtVisitor.visitExpression(KtVisitor.java:196)
	at org.jetbrains.kotlin.psi.KtVisitorVoid.visitExpression(KtVisitorVoid.java:173)
	at org.jetbrains.kotlin.psi.KtVisitorVoid.visitExpression(KtVisitorVoid.java:667)
	at org.jetbrains.kotlin.psi.KtVisitorVoid.visitExpression(KtVisitorVoid.java:21)
	at org.jetbrains.kotlin.psi.KtVisitor.visitBinaryExpression(KtVisitor.java:232)
	at org.jetbrains.kotlin.psi.KtVisitorVoid.visitBinaryExpression(KtVisitorVoid.java:209)
	at org.jetbrains.kotlin.psi.KtVisitorVoid.visitBinaryExpression(KtVisitorVoid.java:721)
	at org.jetbrains.kotlin.psi.KtVisitorVoid.visitBinaryExpression(KtVisitorVoid.java:21)
	at org.jetbrains.kotlin.psi.KtBinaryExpression.accept(KtBinaryExpression.java:35)
	at org.jetbrains.kotlin.psi.KtElementImpl.accept(KtElementImpl.java:51)
	at org.jetbrains.kotlin.com.intellij.psi.impl.PsiElementBase.acceptChildren(PsiElementBase.java:59)
	at org.jetbrains.kotlin.psi.KtTreeVisitorVoid.visitElement(KtTreeVisitorVoid.java:25)
	at org.jetbrains.kotlin.psi.KtVisitor.visitKtElement(KtVisitor.java:24)
	at org.jetbrains.kotlin.psi.KtVisitorVoid.visitKtElement(KtVisitorVoid.java:25)
	at org.jetbrains.kotlin.psi.KtVisitorVoid.visitKtElement(KtVisitorVoid.java:455)
	at org.jetbrains.kotlin.psi.KtVisitorVoid.visitKtElement(KtVisitorVoid.java:21)
	at org.jetbrains.kotlin.psi.KtVisitor.visitExpression(KtVisitor.java:196)
	at org.jetbrains.kotlin.psi.KtVisitorVoid.visitExpression(KtVisitorVoid.java:173)
	at org.jetbrains.kotlin.psi.KtVisitorVoid.visitExpression(KtVisitorVoid.java:667)
	at org.jetbrains.kotlin.psi.KtVisitorVoid.visitExpression(KtVisitorVoid.java:21)
	at org.jetbrains.kotlin.psi.KtVisitor.visitBinaryExpression(KtVisitor.java:232)
	at org.jetbrains.kotlin.psi.KtVisitorVoid.visitBinaryExpression(KtVisitorVoid.java:209)
	at org.jetbrains.kotlin.psi.KtVisitorVoid.visitBinaryExpression(KtVisitorVoid.java:721)
	at org.jetbrains.kotlin.psi.KtVisitorVoid.visitBinaryExpression(KtVisitorVoid.java:21)
	at org.jetbrains.kotlin.psi.KtBinaryExpression.accept(KtBinaryExpression.java:35)
	at org.jetbrains.kotlin.psi.KtElementImpl.accept(KtElementImpl.java:51)
	at org.jetbrains.kotlin.com.intellij.psi.impl.PsiElementBase.acceptChildren(PsiElementBase.java:59)
	at org.jetbrains.kotlin.psi.KtTreeVisitorVoid.visitElement(KtTreeVisitorVoid.java:25)
	at org.jetbrains.kotlin.psi.KtVisitor.visitKtElement(KtVisitor.java:24)
	at org.jetbrains.kotlin.psi.KtVisitorVoid.visitKtElement(KtVisitorVoid.java:25)
	at org.jetbrains.kotlin.psi.KtVisitorVoid.visitKtElement(KtVisitorVoid.java:455)
	at org.jetbrains.kotlin.psi.KtVisitorVoid.visitKtElement(KtVisitorVoid.java:21)
	at org.jetbrains.kotlin.psi.KtVisitor.visitExpression(KtVisitor.java:196)
	at org.jetbrains.kotlin.psi.KtVisitorVoid.visitExpression(KtVisitorVoid.java:173)
	at org.jetbrains.kotlin.psi.KtVisitorVoid.visitExpression(KtVisitorVoid.java:667)
	at org.jetbrains.kotlin.psi.KtVisitorVoid.visitExpression(KtVisitorVoid.java:21)
	at org.jetbrains.kotlin.psi.KtVisitor.visitBinaryExpression(KtVisitor.java:232)
	at org.jetbrains.kotlin.psi.KtVisitorVoid.visitBinaryExpression(KtVisitorVoid.java:209)
	at org.jetbrains.kotlin.psi.KtVisitorVoid.visitBinaryExpression(KtVisitorVoid.java:721)
	at org.jetbrains.kotlin.psi.KtVisitorVoid.visitBinaryExpression(KtVisitorVoid.java:21)
	at org.jetbrains.kotlin.psi.KtBinaryExpression.accept(KtBinaryExpression.java:35)
	at org.jetbrains.kotlin.psi.KtElementImpl.accept(KtElementImpl.java:51)
	at org.jetbrains.kotlin.com.intellij.psi.impl.PsiElementBase.acceptChildren(PsiElementBase.java:59)
	at org.jetbrains.kotlin.psi.KtTreeVisitorVoid.visitElement(KtTreeVisitorVoid.java:25)
	at org.jetbrains.kotlin.psi.KtVisitor.visitKtElement(KtVisitor.java:24)
	at org.jetbrains.kotlin.psi.KtVisitorVoid.visitKtElement(KtVisitorVoid.java:25)
	at org.jetbrains.kotlin.psi.KtVisitorVoid.visitKtElement(KtVisitorVoid.java:455)
	at org.jetbrains.kotlin.psi.KtVisitorVoid.visitKtElement(KtVisitorVoid.java:21)
	at org.jetbrains.kotlin.psi.KtVisitor.visitExpression(KtVisitor.java:196)
	at org.jetbrains.kotlin.psi.KtVisitorVoid.visitExpression(KtVisitorVoid.java:173)
	at org.jetbrains.kotlin.psi.KtVisitorVoid.visitExpression(KtVisitorVoid.java:667)
	at org.jetbrains.kotlin.psi.KtVisitorVoid.visitExpression(KtVisitorVoid.java:21)
	at org.jetbrains.kotlin.psi.KtVisitor.visitBinaryExpression(KtVisitor.java:232)
	at org.jetbrains.kotlin.psi.KtVisitorVoid.visitBinaryExpression(KtVisitorVoid.java:209)
	at org.jetbrains.kotlin.psi.KtVisitorVoid.visitBinaryExpression(KtVisitorVoid.java:721)
	at org.jetbrains.kotlin.psi.KtVisitorVoid.visitBinaryExpression(KtVisitorVoid.java:21)
	at org.jetbrains.kotlin.psi.KtBinaryExpression.accept(KtBinaryExpression.java:35)
	at org.jetbrains.kotlin.psi.KtElementImpl.accept(KtElementImpl.java:51)
	at org.jetbrains.kotlin.com.intellij.psi.impl.PsiElementBase.acceptChildren(PsiElementBase.java:59)
	at org.jetbrains.kotlin.psi.KtTreeVisitorVoid.visitElement(KtTreeVisitorVoid.java:25)
	at org.jetbrains.kotlin.psi.KtVisitor.visitKtElement(KtVisitor.java:24)
	at org.jetbrains.kotlin.psi.KtVisitorVoid.visitKtElement(KtVisitorVoid.java:25)
	at org.jetbrains.kotlin.psi.KtVisitorVoid.visitKtElement(KtVisitorVoid.java:455)
	at org.jetbrains.kotlin.psi.KtVisitorVoid.visitKtElement(KtVisitorVoid.java:21)
	at org.jetbrains.kotlin.psi.KtVisitor.visitExpression(KtVisitor.java:196)
	at org.jetbrains.kotlin.psi.KtVisitorVoid.visitExpression(KtVisitorVoid.java:173)
	at org.jetbrains.kotlin.psi.KtVisitorVoid.visitExpression(KtVisitorVoid.java:667)
	at org.jetbrains.kotlin.psi.KtVisitorVoid.visitExpression(KtVisitorVoid.java:21)
	at org.jetbrains.kotlin.psi.KtVisitor.visitBinaryExpression(KtVisitor.java:232)
	at org.jetbrains.kotlin.psi.KtVisitorVoid.visitBinaryExpression(KtVisitorVoid.java:209)
	at org.jetbrains.kotlin.psi.KtVisitorVoid.visitBinaryExpression(KtVisitorVoid.java:721)
	at org.jetbrains.kotlin.psi.KtVisitorVoid.visitBinaryExpression(KtVisitorVoid.java:21)
	at org.jetbrains.kotlin.psi.KtBinaryExpression.accept(KtBinaryExpression.java:35)
	at org.jetbrains.kotlin.psi.KtElementImpl.accept(KtElementImpl.java:51)
	at org.jetbrains.kotlin.com.intellij.psi.impl.PsiElementBase.acceptChildren(PsiElementBase.java:59)
	at org.jetbrains.kotlin.psi.KtTreeVisitorVoid.visitElement(KtTreeVisitorVoid.java:25)
	at org.jetbrains.kotlin.psi.KtVisitor.visitKtElement(KtVisitor.java:24)
	at org.jetbrains.kotlin.psi.KtVisitorVoid.visitKtElement(KtVisitorVoid.java:25)
	at org.jetbrains.kotlin.psi.KtVisitorVoid.visitKtElement(KtVisitorVoid.java:455)
	at org.jetbrains.kotlin.psi.KtVisitorVoid.visitKtElement(KtVisitorVoid.java:21)
	at org.jetbrains.kotlin.psi.KtVisitor.visitExpression(KtVisitor.java:196)
	at org.jetbrains.kotlin.psi.KtVisitorVoid.visitExpression(KtVisitorVoid.java:173)
	at org.jetbrains.kotlin.psi.KtVisitorVoid.visitExpression(KtVisitorVoid.java:667)
	at org.jetbrains.kotlin.psi.KtVisitorVoid.visitExpression(KtVisitorVoid.java:21)
	at org.jetbrains.kotlin.psi.KtVisitor.visitBinaryExpression(KtVisitor.java:232)
	at org.jetbrains.kotlin.psi.KtVisitorVoid.visitBinaryExpression(KtVisitorVoid.java:209)
	at org.jetbrains.kotlin.psi.KtVisitorVoid.visitBinaryExpression(KtVisitorVoid.java:721)
	at org.jetbrains.kotlin.psi.KtVisitorVoid.visitBinaryExpression(KtVisitorVoid.java:21)
	at org.jetbrains.kotlin.psi.KtBinaryExpression.accept(KtBinaryExpression.java:35)
	at org.jetbrains.kotlin.psi.KtElementImpl.accept(KtElementImpl.java:51)
	at org.jetbrains.kotlin.com.intellij.psi.impl.PsiElementBase.acceptChildren(PsiElementBase.java:59)
	at org.jetbrains.kotlin.psi.KtTreeVisitorVoid.visitElement(KtTreeVisitorVoid.java:25)
	at org.jetbrains.kotlin.psi.KtVisitor.visitKtElement(KtVisitor.java:24)
	at org.jetbrains.kotlin.psi.KtVisitorVoid.visitKtElement(KtVisitorVoid.java:25)
	at org.jetbrains.kotlin.psi.KtVisitorVoid.visitKtElement(KtVisitorVoid.java:455)
	at org.jetbrains.kotlin.psi.KtVisitorVoid.visitKtElement(KtVisitorVoid.java:21)
	at org.jetbrains.kotlin.psi.KtVisitor.visitExpression(KtVisitor.java:196)
	at org.jetbrains.kotlin.psi.KtVisitorVoid.visitExpression(KtVisitorVoid.java:173)
	at org.jetbrains.kotlin.psi.KtVisitorVoid.visitExpression(KtVisitorVoid.java:667)
	at org.jetbrains.kotlin.psi.KtVisitorVoid.visitExpression(KtVisitorVoid.java:21)
	at org.jetbrains.kotlin.psi.KtVisitor.visitBinaryExpression(KtVisitor.java:232)
	at org.jetbrains.kotlin.psi.KtVisitorVoid.visitBinaryExpression(KtVisitorVoid.java:209)
	at org.jetbrains.kotlin.psi.KtVisitorVoid.visitBinaryExpression(KtVisitorVoid.java:721)
	at org.jetbrains.kotlin.psi.KtVisitorVoid.visitBinaryExpression(KtVisitorVoid.java:21)
	at org.jetbrains.kotlin.psi.KtBinaryExpression.accept(KtBinaryExpression.java:35)
	at org.jetbrains.kotlin.psi.KtElementImpl.accept(KtElementImpl.java:51)
	at org.jetbrains.kotlin.com.intellij.psi.impl.PsiElementBase.acceptChildren(PsiElementBase.java:59)
	at org.jetbrains.kotlin.psi.KtTreeVisitorVoid.visitElement(KtTreeVisitorVoid.java:25)
	at org.jetbrains.kotlin.psi.KtVisitor.visitKtElement(KtVisitor.java:24)
	at org.jetbrains.kotlin.psi.KtVisitorVoid.visitKtElement(KtVisitorVoid.java:25)
	at org.jetbrains.kotlin.psi.KtVisitorVoid.visitKtElement(KtVisitorVoid.java:455)
	at org.jetbrains.kotlin.psi.KtVisitorVoid.visitKtElement(KtVisitorVoid.java:21)
	at org.jetbrains.kotlin.psi.KtVisitor.visitExpression(KtVisitor.java:196)
	at org.jetbrains.kotlin.psi.KtVisitorVoid.visitExpression(KtVisitorVoid.java:173)
	at org.jetbrains.kotlin.psi.KtVisitorVoid.visitExpression(KtVisitorVoid.java:667)
	at org.jetbrains.kotlin.psi.KtVisitorVoid.visitExpression(KtVisitorVoid.java:21)
	at org.jetbrains.kotlin.psi.KtVisitor.visitBinaryExpression(KtVisitor.java:232)
	at org.jetbrains.kotlin.psi.KtVisitorVoid.visitBinaryExpression(KtVisitorVoid.java:209)
	at org.jetbrains.kotlin.psi.KtVisitorVoid.visitBinaryExpression(KtVisitorVoid.java:721)
	at org.jetbrains.kotlin.psi.KtVisitorVoid.visitBinaryExpression(KtVisitorVoid.java:21)
	at org.jetbrains.kotlin.psi.KtBinaryExpression.accept(KtBinaryExpression.java:35)
	at org.jetbrains.kotlin.psi.KtElementImpl.accept(KtElementImpl.java:51)
	at org.jetbrains.kotlin.com.intellij.psi.impl.PsiElementBase.acceptChildren(PsiElementBase.java:59)
	at org.jetbrains.kotlin.psi.KtTreeVisitorVoid.visitElement(KtTreeVisitorVoid.java:25)
	at org.jetbrains.kotlin.psi.KtVisitor.visitKtElement(KtVisitor.java:24)
	at org.jetbrains.kotlin.psi.KtVisitorVoid.visitKtElement(KtVisitorVoid.java:25)
	at org.jetbrains.kotlin.psi.KtVisitorVoid.visitKtElement(KtVisitorVoid.java:455)
	at org.jetbrains.kotlin.psi.KtVisitorVoid.visitKtElement(KtVisitorVoid.java:21)
	at org.jetbrains.kotlin.psi.KtVisitor.visitExpression(KtVisitor.java:196)
	at org.jetbrains.kotlin.psi.KtVisitorVoid.visitExpression(KtVisitorVoid.java:173)
	at org.jetbrains.kotlin.psi.KtVisitorVoid.visitExpression(KtVisitorVoid.java:667)
	at org.jetbrains.kotlin.psi.KtVisitorVoid.visitExpression(KtVisitorVoid.java:21)
	at org.jetbrains.kotlin.psi.KtVisitor.visitBinaryExpression(KtVisitor.java:232)
	at org.jetbrains.kotlin.psi.KtVisitorVoid.visitBinaryExpression(KtVisitorVoid.java:209)
	at org.jetbrains.kotlin.psi.KtVisitorVoid.visitBinaryExpression(KtVisitorVoid.java:721)
	at org.jetbrains.kotlin.psi.KtVisitorVoid.visitBinaryExpression(KtVisitorVoid.java:21)
	at org.jetbrains.kotlin.psi.KtBinaryExpression.accept(KtBinaryExpression.java:35)
	at org.jetbrains.kotlin.psi.KtElementImpl.accept(KtElementImpl.java:51)
	at org.jetbrains.kotlin.com.intellij.psi.impl.PsiElementBase.acceptChildren(PsiElementBase.java:59)
	at org.jetbrains.kotlin.psi.KtTreeVisitorVoid.visitElement(KtTreeVisitorVoid.java:25)
	at org.jetbrains.kotlin.psi.KtVisitor.visitKtElement(KtVisitor.java:24)
	at org.jetbrains.kotlin.psi.KtVisitorVoid.visitKtElement(KtVisitorVoid.java:25)
	at org.jetbrains.kotlin.psi.KtVisitorVoid.visitKtElement(KtVisitorVoid.java:455)
	at org.jetbrains.kotlin.psi.KtVisitorVoid.visitKtElement(KtVisitorVoid.java:21)
	at org.jetbrains.kotlin.psi.KtVisitor.visitExpression(KtVisitor.java:196)
	at org.jetbrains.kotlin.psi.KtVisitorVoid.visitExpression(KtVisitorVoid.java:173)
	at org.jetbrains.kotlin.psi.KtVisitorVoid.visitExpression(KtVisitorVoid.java:667)
	at org.jetbrains.kotlin.psi.KtVisitorVoid.visitExpression(KtVisitorVoid.java:21)
	at org.jetbrains.kotlin.psi.KtVisitor.visitBinaryExpression(KtVisitor.java:232)
	at org.jetbrains.kotlin.psi.KtVisitorVoid.visitBinaryExpression(KtVisitorVoid.java:209)
	at org.jetbrains.kotlin.psi.KtVisitorVoid.visitBinaryExpression(KtVisitorVoid.java:721)
	at org.jetbrains.kotlin.psi.KtVisitorVoid.visitBinaryExpression(KtVisitorVoid.java:21)
	at org.jetbrains.kotlin.psi.KtBinaryExpression.accept(KtBinaryExpression.java:35)
	at org.jetbrains.kotlin.psi.KtElementImpl.accept(KtElementImpl.java:51)
	at org.jetbrains.kotlin.com.intellij.psi.impl.PsiElementBase.acceptChildren(PsiElementBase.java:59)
	at org.jetbrains.kotlin.psi.KtTreeVisitorVoid.visitElement(KtTreeVisitorVoid.java:25)
	at org.jetbrains.kotlin.psi.KtVisitor.visitKtElement(KtVisitor.java:24)
	at org.jetbrains.kotlin.psi.KtVisitorVoid.visitKtElement(KtVisitorVoid.java:25)
	at org.jetbrains.kotlin.psi.KtVisitorVoid.visitKtElement(KtVisitorVoid.java:455)
	at org.jetbrains.kotlin.psi.KtVisitorVoid.visitKtElement(KtVisitorVoid.java:21)
	at org.jetbrains.kotlin.psi.KtVisitor.visitExpression(KtVisitor.java:196)
	at org.jetbrains.kotlin.psi.KtVisitorVoid.visitExpression(KtVisitorVoid.java:173)
	at org.jetbrains.kotlin.psi.KtVisitorVoid.visitExpression(KtVisitorVoid.java:667)
	at org.jetbrains.kotlin.psi.KtVisitorVoid.visitExpression(KtVisitorVoid.java:21)
	at org.jetbrains.kotlin.psi.KtVisitor.visitBinaryExpression(KtVisitor.java:232)
	at org.jetbrains.kotlin.psi.KtVisitorVoid.visitBinaryExpression(KtVisitorVoid.java:209)
	at org.jetbrains.kotlin.psi.KtVisitorVoid.visitBinaryExpression(KtVisitorVoid.java:721)
	at org.jetbrains.kotlin.psi.KtVisitorVoid.visitBinaryExpression(KtVisitorVoid.java:21)
	at org.jetbrains.kotlin.psi.KtBinaryExpression.accept(KtBinaryExpression.java:35)
	at org.jetbrains.kotlin.psi.KtElementImpl.accept(KtElementImpl.java:51)
	at org.jetbrains.kotlin.com.intellij.psi.impl.PsiElementBase.acceptChildren(PsiElementBase.java:59)
	at org.jetbrains.kotlin.psi.KtTreeVisitorVoid.visitElement(KtTreeVisitorVoid.java:25)
	at org.jetbrains.kotlin.psi.KtVisitor.visitKtElement(KtVisitor.java:24)
	at org.jetbrains.kotlin.psi.KtVisitorVoid.visitKtElement(KtVisitorVoid.java:25)
	at org.jetbrains.kotlin.psi.KtVisitorVoid.visitKtElement(KtVisitorVoid.java:455)
	at org.jetbrains.kotlin.psi.KtVisitorVoid.visitKtElement(KtVisitorVoid.java:21)
	at org.jetbrains.kotlin.psi.KtVisitor.visitExpression(KtVisitor.java:196)
	at org.jetbrains.kotlin.psi.KtVisitorVoid.visitExpression(KtVisitorVoid.java:173)
	at org.jetbrains.kotlin.psi.KtVisitorVoid.visitExpression(KtVisitorVoid.java:667)
	at org.jetbrains.kotlin.psi.KtVisitorVoid.visitExpression(KtVisitorVoid.java:21)
	at org.jetbrains.kotlin.psi.KtVisitor.visitBinaryExpression(KtVisitor.java:232)
	at org.jetbrains.kotlin.psi.KtVisitorVoid.visitBinaryExpression(KtVisitorVoid.java:209)
	at org.jetbrains.kotlin.psi.KtVisitorVoid.visitBinaryExpression(KtVisitorVoid.java:721)
	at org.jetbrains.kotlin.psi.KtVisitorVoid.visitBinaryExpression(KtVisitorVoid.java:21)
	at org.jetbrains.kotlin.psi.KtBinaryExpression.accept(KtBinaryExpression.java:35)
	at org.jetbrains.kotlin.psi.KtElementImpl.accept(KtElementImpl.java:51)
	at org.jetbrains.kotlin.com.intellij.psi.impl.PsiElementBase.acceptChildren(PsiElementBase.java:59)
	at org.jetbrains.kotlin.psi.KtTreeVisitorVoid.visitElement(KtTreeVisitorVoid.java:25)
	at org.jetbrains.kotlin.psi.KtVisitor.visitKtElement(KtVisitor.java:24)
	at org.jetbrains.kotlin.psi.KtVisitorVoid.visitKtElement(KtVisitorVoid.java:25)
	at org.jetbrains.kotlin.psi.KtVisitorVoid.visitKtElement(KtVisitorVoid.java:455)
	at org.jetbrains.kotlin.psi.KtVisitorVoid.visitKtElement(KtVisitorVoid.java:21)
	at org.jetbrains.kotlin.psi.KtVisitor.visitExpression(KtVisitor.java:196)
	at org.jetbrains.kotlin.psi.KtVisitorVoid.visitExpression(KtVisitorVoid.java:173)
	at org.jetbrains.kotlin.psi.KtVisitorVoid.visitExpression(KtVisitorVoid.java:667)
	at org.jetbrains.kotlin.psi.KtVisitorVoid.visitExpression(KtVisitorVoid.java:21)
	at org.jetbrains.kotlin.psi.KtVisitor.visitBinaryExpression(KtVisitor.java:232)
	at org.jetbrains.kotlin.psi.KtVisitorVoid.visitBinaryExpression(KtVisitorVoid.java:209)
	at org.jetbrains.kotlin.psi.KtVisitorVoid.visitBinaryExpression(KtVisitorVoid.java:721)
	at org.jetbrains.kotlin.psi.KtVisitorVoid.visitBinaryExpression(KtVisitorVoid.java:21)
	at org.jetbrains.kotlin.psi.KtBinaryExpression.accept(KtBinaryExpression.java:35)
	at org.jetbrains.kotlin.psi.KtElementImpl.accept(KtElementImpl.java:51)
	at org.jetbrains.kotlin.com.intellij.psi.impl.PsiElementBase.acceptChildren(PsiElementBase.java:59)
	at org.jetbrains.kotlin.psi.KtTreeVisitorVoid.visitElement(KtTreeVisitorVoid.java:25)
	at org.jetbrains.kotlin.psi.KtVisitor.visitKtElement(KtVisitor.java:24)
	at org.jetbrains.kotlin.psi.KtVisitorVoid.visitKtElement(KtVisitorVoid.java:25)
	at org.jetbrains.kotlin.psi.KtVisitorVoid.visitKtElement(KtVisitorVoid.java:455)
	at org.jetbrains.kotlin.psi.KtVisitorVoid.visitKtElement(KtVisitorVoid.java:21)
	at org.jetbrains.kotlin.psi.KtVisitor.visitExpression(KtVisitor.java:196)
	at org.jetbrains.kotlin.psi.KtVisitorVoid.visitExpression(KtVisitorVoid.java:173)
	at org.jetbrains.kotlin.psi.KtVisitorVoid.visitExpression(KtVisitorVoid.java:667)
	at org.jetbrains.kotlin.psi.KtVisitorVoid.visitExpression(KtVisitorVoid.java:21)
	at org.jetbrains.kotlin.psi.KtVisitor.visitBinaryExpression(KtVisitor.java:232)
	at org.jetbrains.kotlin.psi.KtVisitorVoid.visitBinaryExpression(KtVisitorVoid.java:209)
	at org.jetbrains.kotlin.psi.KtVisitorVoid.visitBinaryExpression(KtVisitorVoid.java:721)
	at org.jetbrains.kotlin.psi.KtVisitorVoid.visitBinaryExpression(KtVisitorVoid.java:21)
	at org.jetbrains.kotlin.psi.KtBinaryExpression.accept(KtBinaryExpression.java:35)
	at org.jetbrains.kotlin.psi.KtElementImpl.accept(KtElementImpl.java:51)
	at org.jetbrains.kotlin.com.intellij.psi.impl.PsiElementBase.acceptChildren(PsiElementBase.java:59)
	at org.jetbrains.kotlin.psi.KtTreeVisitorVoid.visitElement(KtTreeVisitorVoid.java:25)
	at org.jetbrains.kotlin.psi.KtVisitor.visitKtElement(KtVisitor.java:24)
	at org.jetbrains.kotlin.psi.KtVisitorVoid.visitKtElement(KtVisitorVoid.java:25)
	at org.jetbrains.kotlin.psi.KtVisitorVoid.visitKtElement(KtVisitorVoid.java:455)
	at org.jetbrains.kotlin.psi.KtVisitorVoid.visitKtElement(KtVisitorVoid.java:21)
	at org.jetbrains.kotlin.psi.KtVisitor.visitExpression(KtVisitor.java:196)
	at org.jetbrains.kotlin.psi.KtVisitorVoid.visitExpression(KtVisitorVoid.java:173)
	at org.jetbrains.kotlin.psi.KtVisitorVoid.visitExpression(KtVisitorVoid.java:667)
	at org.jetbrains.kotlin.psi.KtVisitorVoid.visitExpression(KtVisitorVoid.java:21)
	at org.jetbrains.kotlin.psi.KtVisitor.visitBinaryExpression(KtVisitor.java:232)
	at org.jetbrains.kotlin.psi.KtVisitorVoid.visitBinaryExpression(KtVisitorVoid.java:209)
	at org.jetbrains.kotlin.psi.KtVisitorVoid.visitBinaryExpression(KtVisitorVoid.java:721)
	at org.jetbrains.kotlin.psi.KtVisitorVoid.visitBinaryExpression(KtVisitorVoid.java:21)
	at org.jetbrains.kotlin.psi.KtBinaryExpression.accept(KtBinaryExpression.java:35)
	at org.jetbrains.kotlin.psi.KtElementImpl.accept(KtElementImpl.java:51)
	at org.jetbrains.kotlin.com.intellij.psi.impl.PsiElementBase.acceptChildren(PsiElementBase.java:59)
	at org.jetbrains.kotlin.psi.KtTreeVisitorVoid.visitElement(KtTreeVisitorVoid.java:25)
	at org.jetbrains.kotlin.psi.KtVisitor.visitKtElement(KtVisitor.java:24)
	at org.jetbrains.kotlin.psi.KtVisitorVoid.visitKtElement(KtVisitorVoid.java:25)
	at org.jetbrains.kotlin.psi.KtVisitorVoid.visitKtElement(KtVisitorVoid.java:455)


